# JRE version: OpenJDK Runtime Environment Temurin-21.0.9+10 (21.0.9+10) (build 21.0.9+10-LTS)
# Java VM: OpenJDK 64-Bit Server VM Temurin-21.0.9+10 (21.0.9+10-LTS, mixed mode, sharing, tiered, compressed oops, compressed class ptrs, parallel gc, windows-amd64)
GC Precious Log:
 CardTable entry size: 512
 CPUs: 12 total, 12 available
 Memory: 7381M
 Large Page Support: Disabled
 NUMA Support: Disabled
 Compressed Oops: Enabled (32-bit)
 Alignments: Space 512K, Generation 512K, Heap 2M
 Heap Min Capacity: 100M
 Heap Initial Capacity: 100M
 Heap Max Capacity: 2G
 Pre-touch: Disabled
 Parallel Workers: 10
Heap:
 PSYoungGen      total 17920K, used 4423K [0x00000000d5580000, 0x00000000d6900000, 0x0000000100000000)
  eden space 16896K, 23% used [0x00000000d5580000,0x00000000d5959ec0,0x00000000d6600000)
  from space 1024K, 46% used [0x00000000d6700000,0x00000000d6778000,0x00000000d6800000)
  to   space 1024K, 0% used [0x00000000d6800000,0x00000000d6800000,0x00000000d6900000)
 ParOldGen       total 95232K, used 94791K [0x0000000080000000, 0x0000000085d00000, 0x00000000d5580000)
  object space 95232K, 99% used [0x0000000080000000,0x0000000085c91c68,0x0000000085d00000)
 Metaspace       used 64919K, committed 66496K, reserved 1114112K
  class space    used 6874K, committed 7552K, reserved 1048576K
GC Heap History (20 events):
Event: 17.032 GC heap before
{Heap before GC invocations=61 (full 3):
 PSYoungGen      total 17408K, used 17406K [0x00000000d5580000, 0x00000000d6900000, 0x0000000100000000)
  eden space 16896K, 100% used [0x00000000d5580000,0x00000000d6600000,0x00000000d6600000)
  from space 512K, 99% used [0x00000000d6800000,0x00000000d687f9c8,0x00000000d6880000)
  to   space 512K, 0% used [0x00000000d6880000,0x00000000d6880000,0x00000000d6900000)
 ParOldGen       total 93696K, used 93482K [0x0000000080000000, 0x0000000085b80000, 0x00000000d5580000)
  object space 93696K, 99% used [0x0000000080000000,0x0000000085b4aa68,0x0000000085b80000)
 Metaspace       used 63994K, committed 65536K, reserved 1114112K
  class space    used 6740K, committed 7424K, reserved 1048576K
}
Event: 17.034 GC heap after
{Heap after GC invocations=61 (full 3):
 PSYoungGen      total 17408K, used 320K [0x00000000d5580000, 0x00000000d6900000, 0x0000000100000000)
  eden space 16896K, 0% used [0x00000000d5580000,0x00000000d5580000,0x00000000d6600000)
  from space 512K, 62% used [0x00000000d6880000,0x00000000d68d0000,0x00000000d6900000)
  to   space 512K, 0% used [0x00000000d6800000,0x00000000d6800000,0x00000000d6880000)
 ParOldGen       total 93696K, used 93562K [0x0000000080000000, 0x0000000085b80000, 0x00000000d5580000)
  object space 93696K, 99% used [0x0000000080000000,0x0000000085b5ea68,0x0000000085b80000)
 Metaspace       used 63994K, committed 65536K, reserved 1114112K
  class space    used 6740K, committed 7424K, reserved 1048576K
}
Event: 17.073 GC heap before
{Heap before GC invocations=62 (full 3):
 PSYoungGen      total 17408K, used 17216K [0x00000000d5580000, 0x00000000d6900000, 0x0000000100000000)
  eden space 16896K, 100% used [0x00000000d5580000,0x00000000d6600000,0x00000000d6600000)
  from space 512K, 62% used [0x00000000d6880000,0x00000000d68d0000,0x00000000d6900000)
  to   space 512K, 0% used [0x00000000d6800000,0x00000000d6800000,0x00000000d6880000)
 ParOldGen       total 93696K, used 93562K [0x0000000080000000, 0x0000000085b80000, 0x00000000d5580000)
  object space 93696K, 99% used [0x0000000080000000,0x0000000085b5ea68,0x0000000085b80000)
 Metaspace       used 63994K, committed 65536K, reserved 1114112K
  class space    used 6740K, committed 7424K, reserved 1048576K
}
Event: 17.074 GC heap after
{Heap after GC invocations=62 (full 3):
 PSYoungGen      total 17408K, used 456K [0x00000000d5580000, 0x00000000d6900000, 0x0000000100000000)
  eden space 16896K, 0% used [0x00000000d5580000,0x00000000d5580000,0x00000000d6600000)
  from space 512K, 89% used [0x00000000d6800000,0x00000000d68722a0,0x00000000d6880000)
  to   space 512K, 0% used [0x00000000d6880000,0x00000000d6880000,0x00000000d6900000)
 ParOldGen       total 93696K, used 93642K [0x0000000080000000, 0x0000000085b80000, 0x00000000d5580000)
  object space 93696K, 99% used [0x0000000080000000,0x0000000085b72a68,0x0000000085b80000)
 Metaspace       used 63994K, committed 65536K, reserved 1114112K
  class space    used 6740K, committed 7424K, reserved 1048576K
}
Event: 17.137 GC heap before
{Heap before GC invocations=63 (full 3):
 PSYoungGen      total 17408K, used 17352K [0x00000000d5580000, 0x00000000d6900000, 0x0000000100000000)
  eden space 16896K, 100% used [0x00000000d5580000,0x00000000d6600000,0x00000000d6600000)
  from space 512K, 89% used [0x00000000d6800000,0x00000000d68722a0,0x00000000d6880000)
  to   space 512K, 0% used [0x00000000d6880000,0x00000000d6880000,0x00000000d6900000)
 ParOldGen       total 93696K, used 93642K [0x0000000080000000, 0x0000000085b80000, 0x00000000d5580000)
  object space 93696K, 99% used [0x0000000080000000,0x0000000085b72a68,0x0000000085b80000)
 Metaspace       used 63999K, committed 65536K, reserved 1114112K
  class space    used 6740K, committed 7424K, reserved 1048576K
}
Event: 17.138 GC heap after
{Heap after GC invocations=63 (full 3):
 PSYoungGen      total 17408K, used 288K [0x00000000d5580000, 0x00000000d6900000, 0x0000000100000000)
  eden space 16896K, 0% used [0x00000000d5580000,0x00000000d5580000,0x00000000d6600000)
  from space 512K, 56% used [0x00000000d6880000,0x00000000d68c8000,0x00000000d6900000)
  to   space 512K, 0% used [0x00000000d6800000,0x00000000d6800000,0x00000000d6880000)
 ParOldGen       total 94208K, used 93714K [0x0000000080000000, 0x0000000085c00000, 0x00000000d5580000)
  object space 94208K, 99% used [0x0000000080000000,0x0000000085b84a68,0x0000000085c00000)
 Metaspace       used 63999K, committed 65536K, reserved 1114112K
  class space    used 6740K, committed 7424K, reserved 1048576K
}
Event: 17.227 GC heap before
{Heap before GC invocations=64 (full 3):
 PSYoungGen      total 17408K, used 17184K [0x00000000d5580000, 0x00000000d6900000, 0x0000000100000000)
  eden space 16896K, 100% used [0x00000000d5580000,0x00000000d6600000,0x00000000d6600000)
  from space 512K, 56% used [0x00000000d6880000,0x00000000d68c8000,0x00000000d6900000)
  to   space 512K, 0% used [0x00000000d6800000,0x00000000d6800000,0x00000000d6880000)
 ParOldGen       total 94208K, used 93714K [0x0000000080000000, 0x0000000085c00000, 0x00000000d5580000)
  object space 94208K, 99% used [0x0000000080000000,0x0000000085b84a68,0x0000000085c00000)
 Metaspace       used 64002K, committed 65536K, reserved 1114112K
  class space    used 6740K, committed 7424K, reserved 1048576K
}
Event: 17.228 GC heap after
{Heap after GC invocations=64 (full 3):
 PSYoungGen      total 17408K, used 477K [0x00000000d5580000, 0x00000000d6900000, 0x0000000100000000)
  eden space 16896K, 0% used [0x00000000d5580000,0x00000000d5580000,0x00000000d6600000)
  from space 512K, 93% used [0x00000000d6800000,0x00000000d6877638,0x00000000d6880000)
  to   space 512K, 0% used [0x00000000d6880000,0x00000000d6880000,0x00000000d6900000)
 ParOldGen       total 94208K, used 93794K [0x0000000080000000, 0x0000000085c00000, 0x00000000d5580000)
  object space 94208K, 99% used [0x0000000080000000,0x0000000085b98a68,0x0000000085c00000)
 Metaspace       used 64002K, committed 65536K, reserved 1114112K
  class space    used 6740K, committed 7424K, reserved 1048576K
}
Event: 17.281 GC heap before
{Heap before GC invocations=65 (full 3):
 PSYoungGen      total 17408K, used 17373K [0x00000000d5580000, 0x00000000d6900000, 0x0000000100000000)
  eden space 16896K, 100% used [0x00000000d5580000,0x00000000d6600000,0x00000000d6600000)
  from space 512K, 93% used [0x00000000d6800000,0x00000000d6877638,0x00000000d6880000)
  to   space 512K, 0% used [0x00000000d6880000,0x00000000d6880000,0x00000000d6900000)
 ParOldGen       total 94208K, used 93794K [0x0000000080000000, 0x0000000085c00000, 0x00000000d5580000)
  object space 94208K, 99% used [0x0000000080000000,0x0000000085b98a68,0x0000000085c00000)
 Metaspace       used 64002K, committed 65536K, reserved 1114112K
  class space    used 6740K, committed 7424K, reserved 1048576K
}
Event: 17.283 GC heap after
{Heap after GC invocations=65 (full 3):
 PSYoungGen      total 17408K, used 400K [0x00000000d5580000, 0x00000000d6900000, 0x0000000100000000)
  eden space 16896K, 0% used [0x00000000d5580000,0x00000000d5580000,0x00000000d6600000)
  from space 512K, 78% used [0x00000000d6880000,0x00000000d68e43c0,0x00000000d6900000)
  to   space 512K, 0% used [0x00000000d6800000,0x00000000d6800000,0x00000000d6880000)
 ParOldGen       total 94208K, used 93882K [0x0000000080000000, 0x0000000085c00000, 0x00000000d5580000)
  object space 94208K, 99% used [0x0000000080000000,0x0000000085baea68,0x0000000085c00000)
 Metaspace       used 64002K, committed 65536K, reserved 1114112K
  class space    used 6740K, committed 7424K, reserved 1048576K
}
Event: 17.335 GC heap before
{Heap before GC invocations=66 (full 3):
 PSYoungGen      total 17408K, used 17296K [0x00000000d5580000, 0x00000000d6900000, 0x0000000100000000)
  eden space 16896K, 100% used [0x00000000d5580000,0x00000000d6600000,0x00000000d6600000)
  from space 512K, 78% used [0x00000000d6880000,0x00000000d68e43c0,0x00000000d6900000)
  to   space 512K, 0% used [0x00000000d6800000,0x00000000d6800000,0x00000000d6880000)
 ParOldGen       total 94208K, used 93882K [0x0000000080000000, 0x0000000085c00000, 0x00000000d5580000)
  object space 94208K, 99% used [0x0000000080000000,0x0000000085baea68,0x0000000085c00000)
 Metaspace       used 64002K, committed 65536K, reserved 1114112K
  class space    used 6740K, committed 7424K, reserved 1048576K
}
Event: 17.336 GC heap after
{Heap after GC invocations=66 (full 3):
 PSYoungGen      total 17408K, used 320K [0x00000000d5580000, 0x00000000d6900000, 0x0000000100000000)
  eden space 16896K, 0% used [0x00000000d5580000,0x00000000d5580000,0x00000000d6600000)
  from space 512K, 62% used [0x00000000d6800000,0x00000000d6850000,0x00000000d6880000)
  to   space 512K, 0% used [0x00000000d6880000,0x00000000d6880000,0x00000000d6900000)
 ParOldGen       total 94208K, used 93962K [0x0000000080000000, 0x0000000085c00000, 0x00000000d5580000)
  object space 94208K, 99% used [0x0000000080000000,0x0000000085bc2a68,0x0000000085c00000)
 Metaspace       used 64002K, committed 65536K, reserved 1114112K
  class space    used 6740K, committed 7424K, reserved 1048576K
}
Event: 17.419 GC heap before
{Heap before GC invocations=67 (full 3):
 PSYoungGen      total 17408K, used 17216K [0x00000000d5580000, 0x00000000d6900000, 0x0000000100000000)
  eden space 16896K, 100% used [0x00000000d5580000,0x00000000d6600000,0x00000000d6600000)
  from space 512K, 62% used [0x00000000d6800000,0x00000000d6850000,0x00000000d6880000)
  to   space 512K, 0% used [0x00000000d6880000,0x00000000d6880000,0x00000000d6900000)
 ParOldGen       total 94208K, used 93962K [0x0000000080000000, 0x0000000085c00000, 0x00000000d5580000)
  object space 94208K, 99% used [0x0000000080000000,0x0000000085bc2a68,0x0000000085c00000)
 Metaspace       used 64107K, committed 65664K, reserved 1114112K
  class space    used 6753K, committed 7424K, reserved 1048576K
}
Event: 17.420 GC heap after
{Heap after GC invocations=67 (full 3):
 PSYoungGen      total 17408K, used 378K [0x00000000d5580000, 0x00000000d6900000, 0x0000000100000000)
  eden space 16896K, 0% used [0x00000000d5580000,0x00000000d5580000,0x00000000d6600000)
  from space 512K, 73% used [0x00000000d6880000,0x00000000d68de900,0x00000000d6900000)
  to   space 512K, 0% used [0x00000000d6800000,0x00000000d6800000,0x00000000d6880000)
 ParOldGen       total 94208K, used 94034K [0x0000000080000000, 0x0000000085c00000, 0x00000000d5580000)
  object space 94208K, 99% used [0x0000000080000000,0x0000000085bd4a68,0x0000000085c00000)
 Metaspace       used 64107K, committed 65664K, reserved 1114112K
  class space    used 6753K, committed 7424K, reserved 1048576K
}
Event: 17.462 GC heap before
{Heap before GC invocations=68 (full 3):
 PSYoungGen      total 17408K, used 17019K [0x00000000d5580000, 0x00000000d6900000, 0x0000000100000000)
  eden space 16896K, 98% used [0x00000000d5580000,0x00000000d65c0618,0x00000000d6600000)
  from space 512K, 73% used [0x00000000d6880000,0x00000000d68de900,0x00000000d6900000)
  to   space 512K, 0% used [0x00000000d6800000,0x00000000d6800000,0x00000000d6880000)
 ParOldGen       total 94208K, used 94034K [0x0000000080000000, 0x0000000085c00000, 0x00000000d5580000)
  object space 94208K, 99% used [0x0000000080000000,0x0000000085bd4a68,0x0000000085c00000)
 Metaspace       used 64108K, committed 65664K, reserved 1114112K
  class space    used 6753K, committed 7424K, reserved 1048576K
}
Event: 17.464 GC heap after
{Heap after GC invocations=68 (full 3):
 PSYoungGen      total 17408K, used 480K [0x00000000d5580000, 0x00000000d6900000, 0x0000000100000000)
  eden space 16896K, 0% used [0x00000000d5580000,0x00000000d5580000,0x00000000d6600000)
  from space 512K, 93% used [0x00000000d6800000,0x00000000d6878000,0x00000000d6880000)
  to   space 512K, 0% used [0x00000000d6880000,0x00000000d6880000,0x00000000d6900000)
 ParOldGen       total 94208K, used 94199K [0x0000000080000000, 0x0000000085c00000, 0x00000000d5580000)
  object space 94208K, 99% used [0x0000000080000000,0x0000000085bfdc68,0x0000000085c00000)
 Metaspace       used 64108K, committed 65664K, reserved 1114112K
  class space    used 6753K, committed 7424K, reserved 1048576K
}
Event: 17.539 GC heap before
{Heap before GC invocations=69 (full 3):
 PSYoungGen      total 17408K, used 17376K [0x00000000d5580000, 0x00000000d6900000, 0x0000000100000000)
  eden space 16896K, 100% used [0x00000000d5580000,0x00000000d6600000,0x00000000d6600000)
  from space 512K, 93% used [0x00000000d6800000,0x00000000d6878000,0x00000000d6880000)
  to   space 512K, 0% used [0x00000000d6880000,0x00000000d6880000,0x00000000d6900000)
 ParOldGen       total 94208K, used 94199K [0x0000000080000000, 0x0000000085c00000, 0x00000000d5580000)
  object space 94208K, 99% used [0x0000000080000000,0x0000000085bfdc68,0x0000000085c00000)
 Metaspace       used 64122K, committed 65664K, reserved 1114112K
  class space    used 6753K, committed 7424K, reserved 1048576K
}
Event: 17.540 GC heap after
{Heap after GC invocations=69 (full 3):
 PSYoungGen      total 17408K, used 480K [0x00000000d5580000, 0x00000000d6900000, 0x0000000100000000)
  eden space 16896K, 0% used [0x00000000d5580000,0x00000000d5580000,0x00000000d6600000)
  from space 512K, 93% used [0x00000000d6880000,0x00000000d68f8288,0x00000000d6900000)
  to   space 1024K, 0% used [0x00000000d6700000,0x00000000d6700000,0x00000000d6800000)
 ParOldGen       total 94720K, used 94543K [0x0000000080000000, 0x0000000085c80000, 0x00000000d5580000)
  object space 94720K, 99% used [0x0000000080000000,0x0000000085c53c68,0x0000000085c80000)
 Metaspace       used 64122K, committed 65664K, reserved 1114112K
  class space    used 6753K, committed 7424K, reserved 1048576K
}
Event: 17.875 GC heap before
{Heap before GC invocations=70 (full 3):
 PSYoungGen      total 17408K, used 17376K [0x00000000d5580000, 0x00000000d6900000, 0x0000000100000000)
  eden space 16896K, 100% used [0x00000000d5580000,0x00000000d6600000,0x00000000d6600000)
  from space 512K, 93% used [0x00000000d6880000,0x00000000d68f8288,0x00000000d6900000)
  to   space 1024K, 0% used [0x00000000d6700000,0x00000000d6700000,0x00000000d6800000)
 ParOldGen       total 94720K, used 94543K [0x0000000080000000, 0x0000000085c80000, 0x00000000d5580000)
  object space 94720K, 99% used [0x0000000080000000,0x0000000085c53c68,0x0000000085c80000)
 Metaspace       used 64804K, committed 66304K, reserved 1114112K
  class space    used 6867K, committed 7552K, reserved 1048576K
}
Event: 17.877 GC heap after
{Heap after GC invocations=70 (full 3):
 PSYoungGen      total 17920K, used 480K [0x00000000d5580000, 0x00000000d6900000, 0x0000000100000000)
  eden space 16896K, 0% used [0x00000000d5580000,0x00000000d5580000,0x00000000d6600000)
  from space 1024K, 46% used [0x00000000d6700000,0x00000000d6778000,0x00000000d6800000)
  to   space 1024K, 0% used [0x00000000d6800000,0x00000000d6800000,0x00000000d6900000)
 ParOldGen       total 95232K, used 94791K [0x0000000080000000, 0x0000000085d00000, 0x00000000d5580000)
  object space 95232K, 99% used [0x0000000080000000,0x0000000085c91c68,0x0000000085d00000)
 Metaspace       used 64804K, committed 66304K, reserved 1114112K
  class space    used 6867K, committed 7552K, reserved 1048576K
}

