# JRE version: OpenJDK Runtime Environment Temurin-21.0.9+10 (21.0.9+10) (build 21.0.9+10-LTS)
# Java VM: OpenJDK 64-Bit Server VM Temurin-21.0.9+10 (21.0.9+10-LTS, mixed mode, sharing, tiered, compressed oops, compressed class ptrs, parallel gc, windows-amd64)
GC Precious Log:
 CardTable entry size: 512
 CPUs: 12 total, 12 available
 Memory: 7381M
 Large Page Support: Disabled
 NUMA Support: Disabled
 Compressed Oops: Enabled (32-bit)
 Alignments: Space 512K, Generation 512K, Heap 2M
 Heap Min Capacity: 100M
 Heap Initial Capacity: 100M
 Heap Max Capacity: 2G
 Pre-touch: Disabled
 Parallel Workers: 10
Heap:
 PSYoungGen      total 13312K, used 12764K [0x00000000d5580000, 0x00000000d6380000, 0x0000000100000000)
  eden space 12800K, 96% used [0x00000000d5580000,0x00000000d619f3b0,0x00000000d6200000)
  from space 512K, 68% used [0x00000000d6280000,0x00000000d62d8000,0x00000000d6300000)
  to   space 512K, 0% used [0x00000000d6300000,0x00000000d6300000,0x00000000d6380000)
 ParOldGen       total 94208K, used 93998K [0x0000000080000000, 0x0000000085c00000, 0x00000000d5580000)
  object space 94208K, 99% used [0x0000000080000000,0x0000000085bcb978,0x0000000085c00000)
 Metaspace       used 65012K, committed 66560K, reserved 1114112K
  class space    used 6875K, committed 7552K, reserved 1048576K
GC Heap History (20 events):
Event: 18.774 GC heap before
{Heap before GC invocations=77 (full 3):
 PSYoungGen      total 13312K, used 13288K [0x00000000d5580000, 0x00000000d6400000, 0x0000000100000000)
  eden space 12800K, 100% used [0x00000000d5580000,0x00000000d6200000,0x00000000d6200000)
  from space 512K, 95% used [0x00000000d6280000,0x00000000d62fa108,0x00000000d6300000)
  to   space 1024K, 0% used [0x00000000d6300000,0x00000000d6300000,0x00000000d6400000)
 ParOldGen       total 92672K, used 92244K [0x0000000080000000, 0x0000000085a80000, 0x00000000d5580000)
  object space 92672K, 99% used [0x0000000080000000,0x0000000085a152b0,0x0000000085a80000)
 Metaspace       used 64080K, committed 65600K, reserved 1114112K
  class space    used 6741K, committed 7424K, reserved 1048576K
}
Event: 18.775 GC heap after
{Heap after GC invocations=77 (full 3):
 PSYoungGen      total 13824K, used 521K [0x00000000d5580000, 0x00000000d6400000, 0x0000000100000000)
  eden space 12800K, 0% used [0x00000000d5580000,0x00000000d5580000,0x00000000d6200000)
  from space 1024K, 50% used [0x00000000d6300000,0x00000000d63827e0,0x00000000d6400000)
  to   space 1024K, 0% used [0x00000000d6200000,0x00000000d6200000,0x00000000d6300000)
 ParOldGen       total 92672K, used 92324K [0x0000000080000000, 0x0000000085a80000, 0x00000000d5580000)
  object space 92672K, 99% used [0x0000000080000000,0x0000000085a292b0,0x0000000085a80000)
 Metaspace       used 64080K, committed 65600K, reserved 1114112K
  class space    used 6741K, committed 7424K, reserved 1048576K
}
Event: 18.836 GC heap before
{Heap before GC invocations=78 (full 3):
 PSYoungGen      total 13824K, used 13321K [0x00000000d5580000, 0x00000000d6400000, 0x0000000100000000)
  eden space 12800K, 100% used [0x00000000d5580000,0x00000000d6200000,0x00000000d6200000)
  from space 1024K, 50% used [0x00000000d6300000,0x00000000d63827e0,0x00000000d6400000)
  to   space 1024K, 0% used [0x00000000d6200000,0x00000000d6200000,0x00000000d6300000)
 ParOldGen       total 92672K, used 92324K [0x0000000080000000, 0x0000000085a80000, 0x00000000d5580000)
  object space 92672K, 99% used [0x0000000080000000,0x0000000085a292b0,0x0000000085a80000)
 Metaspace       used 64085K, committed 65600K, reserved 1114112K
  class space    used 6741K, committed 7424K, reserved 1048576K
}
Event: 18.837 GC heap after
{Heap after GC invocations=78 (full 3):
 PSYoungGen      total 13824K, used 320K [0x00000000d5580000, 0x00000000d6380000, 0x0000000100000000)
  eden space 12800K, 0% used [0x00000000d5580000,0x00000000d5580000,0x00000000d6200000)
  from space 1024K, 31% used [0x00000000d6200000,0x00000000d6250000,0x00000000d6300000)
  to   space 512K, 0% used [0x00000000d6300000,0x00000000d6300000,0x00000000d6380000)
 ParOldGen       total 92672K, used 92436K [0x0000000080000000, 0x0000000085a80000, 0x00000000d5580000)
  object space 92672K, 99% used [0x0000000080000000,0x0000000085a452b0,0x0000000085a80000)
 Metaspace       used 64085K, committed 65600K, reserved 1114112K
  class space    used 6741K, committed 7424K, reserved 1048576K
}
Event: 18.893 GC heap before
{Heap before GC invocations=79 (full 3):
 PSYoungGen      total 13824K, used 13120K [0x00000000d5580000, 0x00000000d6380000, 0x0000000100000000)
  eden space 12800K, 100% used [0x00000000d5580000,0x00000000d6200000,0x00000000d6200000)
  from space 1024K, 31% used [0x00000000d6200000,0x00000000d6250000,0x00000000d6300000)
  to   space 512K, 0% used [0x00000000d6300000,0x00000000d6300000,0x00000000d6380000)
 ParOldGen       total 92672K, used 92436K [0x0000000080000000, 0x0000000085a80000, 0x00000000d5580000)
  object space 92672K, 99% used [0x0000000080000000,0x0000000085a452b0,0x0000000085a80000)
 Metaspace       used 64088K, committed 65600K, reserved 1114112K
  class space    used 6741K, committed 7424K, reserved 1048576K
}
Event: 18.895 GC heap after
{Heap after GC invocations=79 (full 3):
 PSYoungGen      total 13312K, used 477K [0x00000000d5580000, 0x00000000d6380000, 0x0000000100000000)
  eden space 12800K, 0% used [0x00000000d5580000,0x00000000d5580000,0x00000000d6200000)
  from space 512K, 93% used [0x00000000d6300000,0x00000000d6377638,0x00000000d6380000)
  to   space 512K, 0% used [0x00000000d6280000,0x00000000d6280000,0x00000000d6300000)
 ParOldGen       total 92672K, used 92532K [0x0000000080000000, 0x0000000085a80000, 0x00000000d5580000)
  object space 92672K, 99% used [0x0000000080000000,0x0000000085a5d2b0,0x0000000085a80000)
 Metaspace       used 64088K, committed 65600K, reserved 1114112K
  class space    used 6741K, committed 7424K, reserved 1048576K
}
Event: 18.938 GC heap before
{Heap before GC invocations=80 (full 3):
 PSYoungGen      total 13312K, used 13277K [0x00000000d5580000, 0x00000000d6380000, 0x0000000100000000)
  eden space 12800K, 100% used [0x00000000d5580000,0x00000000d6200000,0x00000000d6200000)
  from space 512K, 93% used [0x00000000d6300000,0x00000000d6377638,0x00000000d6380000)
  to   space 512K, 0% used [0x00000000d6280000,0x00000000d6280000,0x00000000d6300000)
 ParOldGen       total 92672K, used 92532K [0x0000000080000000, 0x0000000085a80000, 0x00000000d5580000)
  object space 92672K, 99% used [0x0000000080000000,0x0000000085a5d2b0,0x0000000085a80000)
 Metaspace       used 64088K, committed 65600K, reserved 1114112K
  class space    used 6741K, committed 7424K, reserved 1048576K
}
Event: 18.940 GC heap after
{Heap after GC invocations=80 (full 3):
 PSYoungGen      total 13312K, used 368K [0x00000000d5580000, 0x00000000d6380000, 0x0000000100000000)
  eden space 12800K, 0% used [0x00000000d5580000,0x00000000d5580000,0x00000000d6200000)
  from space 512K, 72% used [0x00000000d6280000,0x00000000d62dc3c0,0x00000000d6300000)
  to   space 512K, 0% used [0x00000000d6300000,0x00000000d6300000,0x00000000d6380000)
 ParOldGen       total 92672K, used 92612K [0x0000000080000000, 0x0000000085a80000, 0x00000000d5580000)
  object space 92672K, 99% used [0x0000000080000000,0x0000000085a712b0,0x0000000085a80000)
 Metaspace       used 64088K, committed 65600K, reserved 1114112K
  class space    used 6741K, committed 7424K, reserved 1048576K
}
Event: 18.982 GC heap before
{Heap before GC invocations=81 (full 3):
 PSYoungGen      total 13312K, used 13168K [0x00000000d5580000, 0x00000000d6380000, 0x0000000100000000)
  eden space 12800K, 100% used [0x00000000d5580000,0x00000000d6200000,0x00000000d6200000)
  from space 512K, 72% used [0x00000000d6280000,0x00000000d62dc3c0,0x00000000d6300000)
  to   space 512K, 0% used [0x00000000d6300000,0x00000000d6300000,0x00000000d6380000)
 ParOldGen       total 92672K, used 92612K [0x0000000080000000, 0x0000000085a80000, 0x00000000d5580000)
  object space 92672K, 99% used [0x0000000080000000,0x0000000085a712b0,0x0000000085a80000)
 Metaspace       used 64093K, committed 65600K, reserved 1114112K
  class space    used 6741K, committed 7424K, reserved 1048576K
}
Event: 18.983 GC heap after
{Heap after GC invocations=81 (full 3):
 PSYoungGen      total 13312K, used 422K [0x00000000d5580000, 0x00000000d6380000, 0x0000000100000000)
  eden space 12800K, 0% used [0x00000000d5580000,0x00000000d5580000,0x00000000d6200000)
  from space 512K, 82% used [0x00000000d6300000,0x00000000d6369898,0x00000000d6380000)
  to   space 512K, 0% used [0x00000000d6280000,0x00000000d6280000,0x00000000d6300000)
 ParOldGen       total 93184K, used 92692K [0x0000000080000000, 0x0000000085b00000, 0x00000000d5580000)
  object space 93184K, 99% used [0x0000000080000000,0x0000000085a852b0,0x0000000085b00000)
 Metaspace       used 64093K, committed 65600K, reserved 1114112K
  class space    used 6741K, committed 7424K, reserved 1048576K
}
Event: 19.020 GC heap before
{Heap before GC invocations=82 (full 3):
 PSYoungGen      total 13312K, used 13222K [0x00000000d5580000, 0x00000000d6380000, 0x0000000100000000)
  eden space 12800K, 100% used [0x00000000d5580000,0x00000000d6200000,0x00000000d6200000)
  from space 512K, 82% used [0x00000000d6300000,0x00000000d6369898,0x00000000d6380000)
  to   space 512K, 0% used [0x00000000d6280000,0x00000000d6280000,0x00000000d6300000)
 ParOldGen       total 93184K, used 92692K [0x0000000080000000, 0x0000000085b00000, 0x00000000d5580000)
  object space 93184K, 99% used [0x0000000080000000,0x0000000085a852b0,0x0000000085b00000)
 Metaspace       used 64093K, committed 65600K, reserved 1114112K
  class space    used 6741K, committed 7424K, reserved 1048576K
}
Event: 19.021 GC heap after
{Heap after GC invocations=82 (full 3):
 PSYoungGen      total 13312K, used 423K [0x00000000d5580000, 0x00000000d6380000, 0x0000000100000000)
  eden space 12800K, 0% used [0x00000000d5580000,0x00000000d5580000,0x00000000d6200000)
  from space 512K, 82% used [0x00000000d6280000,0x00000000d62e9c30,0x00000000d6300000)
  to   space 512K, 0% used [0x00000000d6300000,0x00000000d6300000,0x00000000d6380000)
 ParOldGen       total 93184K, used 92772K [0x0000000080000000, 0x0000000085b00000, 0x00000000d5580000)
  object space 93184K, 99% used [0x0000000080000000,0x0000000085a992b0,0x0000000085b00000)
 Metaspace       used 64093K, committed 65600K, reserved 1114112K
  class space    used 6741K, committed 7424K, reserved 1048576K
}
Event: 19.108 GC heap before
{Heap before GC invocations=83 (full 3):
 PSYoungGen      total 13312K, used 13223K [0x00000000d5580000, 0x00000000d6380000, 0x0000000100000000)
  eden space 12800K, 100% used [0x00000000d5580000,0x00000000d6200000,0x00000000d6200000)
  from space 512K, 82% used [0x00000000d6280000,0x00000000d62e9c30,0x00000000d6300000)
  to   space 512K, 0% used [0x00000000d6300000,0x00000000d6300000,0x00000000d6380000)
 ParOldGen       total 93184K, used 92772K [0x0000000080000000, 0x0000000085b00000, 0x00000000d5580000)
  object space 93184K, 99% used [0x0000000080000000,0x0000000085a992b0,0x0000000085b00000)
 Metaspace       used 64200K, committed 65664K, reserved 1114112K
  class space    used 6754K, committed 7424K, reserved 1048576K
}
Event: 19.110 GC heap after
{Heap after GC invocations=83 (full 3):
 PSYoungGen      total 13312K, used 444K [0x00000000d5580000, 0x00000000d6380000, 0x0000000100000000)
  eden space 12800K, 0% used [0x00000000d5580000,0x00000000d5580000,0x00000000d6200000)
  from space 512K, 86% used [0x00000000d6300000,0x00000000d636f2a8,0x00000000d6380000)
  to   space 512K, 0% used [0x00000000d6280000,0x00000000d6280000,0x00000000d6300000)
 ParOldGen       total 93696K, used 93191K [0x0000000080000000, 0x0000000085b80000, 0x00000000d5580000)
  object space 93696K, 99% used [0x0000000080000000,0x0000000085b01dd0,0x0000000085b80000)
 Metaspace       used 64200K, committed 65664K, reserved 1114112K
  class space    used 6754K, committed 7424K, reserved 1048576K
}
Event: 19.140 GC heap before
{Heap before GC invocations=84 (full 3):
 PSYoungGen      total 13312K, used 13244K [0x00000000d5580000, 0x00000000d6380000, 0x0000000100000000)
  eden space 12800K, 100% used [0x00000000d5580000,0x00000000d6200000,0x00000000d6200000)
  from space 512K, 86% used [0x00000000d6300000,0x00000000d636f2a8,0x00000000d6380000)
  to   space 512K, 0% used [0x00000000d6280000,0x00000000d6280000,0x00000000d6300000)
 ParOldGen       total 93696K, used 93191K [0x0000000080000000, 0x0000000085b80000, 0x00000000d5580000)
  object space 93696K, 99% used [0x0000000080000000,0x0000000085b01dd0,0x0000000085b80000)
 Metaspace       used 64200K, committed 65664K, reserved 1114112K
  class space    used 6754K, committed 7424K, reserved 1048576K
}
Event: 19.141 GC heap after
{Heap after GC invocations=84 (full 3):
 PSYoungGen      total 13312K, used 352K [0x00000000d5580000, 0x00000000d6380000, 0x0000000100000000)
  eden space 12800K, 0% used [0x00000000d5580000,0x00000000d5580000,0x00000000d6200000)
  from space 512K, 68% used [0x00000000d6280000,0x00000000d62d8000,0x00000000d6300000)
  to   space 512K, 0% used [0x00000000d6300000,0x00000000d6300000,0x00000000d6380000)
 ParOldGen       total 93696K, used 93478K [0x0000000080000000, 0x0000000085b80000, 0x00000000d5580000)
  object space 93696K, 99% used [0x0000000080000000,0x0000000085b49978,0x0000000085b80000)
 Metaspace       used 64200K, committed 65664K, reserved 1114112K
  class space    used 6754K, committed 7424K, reserved 1048576K
}
Event: 19.202 GC heap before
{Heap before GC invocations=85 (full 3):
 PSYoungGen      total 13312K, used 13133K [0x00000000d5580000, 0x00000000d6380000, 0x0000000100000000)
  eden space 12800K, 99% used [0x00000000d5580000,0x00000000d61fb698,0x00000000d6200000)
  from space 512K, 68% used [0x00000000d6280000,0x00000000d62d8000,0x00000000d6300000)
  to   space 512K, 0% used [0x00000000d6300000,0x00000000d6300000,0x00000000d6380000)
 ParOldGen       total 93696K, used 93478K [0x0000000080000000, 0x0000000085b80000, 0x00000000d5580000)
  object space 93696K, 99% used [0x0000000080000000,0x0000000085b49978,0x0000000085b80000)
 Metaspace       used 64206K, committed 65664K, reserved 1114112K
  class space    used 6754K, committed 7424K, reserved 1048576K
}
Event: 19.203 GC heap after
{Heap after GC invocations=85 (full 3):
 PSYoungGen      total 13312K, used 320K [0x00000000d5580000, 0x00000000d6380000, 0x0000000100000000)
  eden space 12800K, 0% used [0x00000000d5580000,0x00000000d5580000,0x00000000d6200000)
  from space 512K, 62% used [0x00000000d6300000,0x00000000d6350000,0x00000000d6380000)
  to   space 512K, 0% used [0x00000000d6280000,0x00000000d6280000,0x00000000d6300000)
 ParOldGen       total 94208K, used 93774K [0x0000000080000000, 0x0000000085c00000, 0x00000000d5580000)
  object space 94208K, 99% used [0x0000000080000000,0x0000000085b93978,0x0000000085c00000)
 Metaspace       used 64206K, committed 65664K, reserved 1114112K
  class space    used 6754K, committed 7424K, reserved 1048576K
}
Event: 19.268 GC heap before
{Heap before GC invocations=86 (full 3):
 PSYoungGen      total 13312K, used 13115K [0x00000000d5580000, 0x00000000d6380000, 0x0000000100000000)
  eden space 12800K, 99% used [0x00000000d5580000,0x00000000d61fedc0,0x00000000d6200000)
  from space 512K, 62% used [0x00000000d6300000,0x00000000d6350000,0x00000000d6380000)
  to   space 512K, 0% used [0x00000000d6280000,0x00000000d6280000,0x00000000d6300000)
 ParOldGen       total 94208K, used 93774K [0x0000000080000000, 0x0000000085c00000, 0x00000000d5580000)
  object space 94208K, 99% used [0x0000000080000000,0x0000000085b93978,0x0000000085c00000)
 Metaspace       used 64232K, committed 65728K, reserved 1114112K
  class space    used 6754K, committed 7424K, reserved 1048576K
}
Event: 19.269 GC heap after
{Heap after GC invocations=86 (full 3):
 PSYoungGen      total 13312K, used 352K [0x00000000d5580000, 0x00000000d6380000, 0x0000000100000000)
  eden space 12800K, 0% used [0x00000000d5580000,0x00000000d5580000,0x00000000d6200000)
  from space 512K, 68% used [0x00000000d6280000,0x00000000d62d8000,0x00000000d6300000)
  to   space 512K, 0% used [0x00000000d6300000,0x00000000d6300000,0x00000000d6380000)
 ParOldGen       total 94208K, used 93998K [0x0000000080000000, 0x0000000085c00000, 0x00000000d5580000)
  object space 94208K, 99% used [0x0000000080000000,0x0000000085bcb978,0x0000000085c00000)
 Metaspace       used 64232K, committed 65728K, reserved 1114112K
  class space    used 6754K, committed 7424K, reserved 1048576K
}

