# JRE version: OpenJDK Runtime Environment Temurin-21.0.9+10 (21.0.9+10) (build 21.0.9+10-LTS)
# Java VM: OpenJDK 64-Bit Server VM Temurin-21.0.9+10 (21.0.9+10-LTS, mixed mode, sharing, tiered, compressed oops, compressed class ptrs, parallel gc, windows-amd64)
GC Precious Log:
 CardTable entry size: 512
 CPUs: 12 total, 12 available
 Memory: 7381M
 Large Page Support: Disabled
 NUMA Support: Disabled
 Compressed Oops: Enabled (32-bit)
 Alignments: Space 512K, Generation 512K, Heap 2M
 Heap Min Capacity: 100M
 Heap Initial Capacity: 100M
 Heap Max Capacity: 2G
 Pre-touch: Disabled
 Parallel Workers: 10
Heap:
 PSYoungGen      total 8192K, used 1462K [0x00000000d5580000, 0x00000000d5e00000, 0x0000000100000000)
  eden space 7168K, 15% used [0x00000000d5580000,0x00000000d569d858,0x00000000d5c80000)
  from space 1024K, 31% used [0x00000000d5c80000,0x00000000d5cd0000,0x00000000d5d80000)
  to   space 512K, 0% used [0x00000000d5d80000,0x00000000d5d80000,0x00000000d5e00000)
 ParOldGen       total 92160K, used 88918K [0x0000000080000000, 0x0000000085a00000, 0x00000000d5580000)
  object space 92160K, 96% used [0x0000000080000000,0x00000000856d5ba0,0x0000000085a00000)
 Metaspace       used 62458K, committed 63936K, reserved 1114112K
  class space    used 6597K, committed 7296K, reserved 1048576K
GC Heap History (20 events):
Event: 14.599 GC heap after
{Heap after GC invocations=66 (full 3):
 PSYoungGen      total 8704K, used 1024K [0x00000000d5580000, 0x00000000d6100000, 0x0000000100000000)
  eden space 7680K, 0% used [0x00000000d5580000,0x00000000d5580000,0x00000000d5d00000)
  from space 1024K, 100% used [0x00000000d5d80000,0x00000000d5e80000,0x00000000d5e80000)
  to   space 2048K, 0% used [0x00000000d5f00000,0x00000000d5f00000,0x00000000d6100000)
 ParOldGen       total 68608K, used 53704K [0x0000000080000000, 0x0000000084300000, 0x00000000d5580000)
  object space 68608K, 78% used [0x0000000080000000,0x00000000834722c0,0x0000000084300000)
 Metaspace       used 60261K, committed 61568K, reserved 1114112K
  class space    used 6383K, committed 6976K, reserved 1048576K
}
Event: 14.629 GC heap before
{Heap before GC invocations=67 (full 3):
 PSYoungGen      total 8704K, used 8704K [0x00000000d5580000, 0x00000000d6100000, 0x0000000100000000)
  eden space 7680K, 100% used [0x00000000d5580000,0x00000000d5d00000,0x00000000d5d00000)
  from space 1024K, 100% used [0x00000000d5d80000,0x00000000d5e80000,0x00000000d5e80000)
  to   space 2048K, 0% used [0x00000000d5f00000,0x00000000d5f00000,0x00000000d6100000)
 ParOldGen       total 68608K, used 53704K [0x0000000080000000, 0x0000000084300000, 0x00000000d5580000)
  object space 68608K, 78% used [0x0000000080000000,0x00000000834722c0,0x0000000084300000)
 Metaspace       used 60313K, committed 61632K, reserved 1114112K
  class space    used 6384K, committed 6976K, reserved 1048576K
}
Event: 14.630 GC heap after
{Heap after GC invocations=67 (full 3):
 PSYoungGen      total 8704K, used 848K [0x00000000d5580000, 0x00000000d6000000, 0x0000000100000000)
  eden space 7680K, 0% used [0x00000000d5580000,0x00000000d5580000,0x00000000d5d00000)
  from space 1024K, 82% used [0x00000000d5f00000,0x00000000d5fd4030,0x00000000d6000000)
  to   space 1536K, 0% used [0x00000000d5d00000,0x00000000d5d00000,0x00000000d5e80000)
 ParOldGen       total 68608K, used 54336K [0x0000000080000000, 0x0000000084300000, 0x00000000d5580000)
  object space 68608K, 79% used [0x0000000080000000,0x00000000835102c0,0x0000000084300000)
 Metaspace       used 60313K, committed 61632K, reserved 1114112K
  class space    used 6384K, committed 6976K, reserved 1048576K
}
Event: 14.658 GC heap before
{Heap before GC invocations=68 (full 3):
 PSYoungGen      total 8704K, used 8528K [0x00000000d5580000, 0x00000000d6000000, 0x0000000100000000)
  eden space 7680K, 100% used [0x00000000d5580000,0x00000000d5d00000,0x00000000d5d00000)
  from space 1024K, 82% used [0x00000000d5f00000,0x00000000d5fd4030,0x00000000d6000000)
  to   space 1536K, 0% used [0x00000000d5d00000,0x00000000d5d00000,0x00000000d5e80000)
 ParOldGen       total 68608K, used 54336K [0x0000000080000000, 0x0000000084300000, 0x00000000d5580000)
  object space 68608K, 79% used [0x0000000080000000,0x00000000835102c0,0x0000000084300000)
 Metaspace       used 60349K, committed 61632K, reserved 1114112K
  class space    used 6384K, committed 6976K, reserved 1048576K
}
Event: 14.659 GC heap after
{Heap after GC invocations=68 (full 3):
 PSYoungGen      total 9216K, used 928K [0x00000000d5580000, 0x00000000d5f80000, 0x0000000100000000)
  eden space 7680K, 0% used [0x00000000d5580000,0x00000000d5580000,0x00000000d5d00000)
  from space 1536K, 60% used [0x00000000d5d00000,0x00000000d5de8000,0x00000000d5e80000)
  to   space 1024K, 0% used [0x00000000d5e80000,0x00000000d5e80000,0x00000000d5f80000)
 ParOldGen       total 68608K, used 54848K [0x0000000080000000, 0x0000000084300000, 0x00000000d5580000)
  object space 68608K, 79% used [0x0000000080000000,0x00000000835902c0,0x0000000084300000)
 Metaspace       used 60349K, committed 61632K, reserved 1114112K
  class space    used 6384K, committed 6976K, reserved 1048576K
}
Event: 14.688 GC heap before
{Heap before GC invocations=69 (full 3):
 PSYoungGen      total 9216K, used 8607K [0x00000000d5580000, 0x00000000d5f80000, 0x0000000100000000)
  eden space 7680K, 99% used [0x00000000d5580000,0x00000000d5cffff0,0x00000000d5d00000)
  from space 1536K, 60% used [0x00000000d5d00000,0x00000000d5de8000,0x00000000d5e80000)
  to   space 1024K, 0% used [0x00000000d5e80000,0x00000000d5e80000,0x00000000d5f80000)
 ParOldGen       total 68608K, used 54848K [0x0000000080000000, 0x0000000084300000, 0x00000000d5580000)
  object space 68608K, 79% used [0x0000000080000000,0x00000000835902c0,0x0000000084300000)
 Metaspace       used 60371K, committed 61696K, reserved 1114112K
  class space    used 6384K, committed 6976K, reserved 1048576K
}
Event: 14.689 GC heap after
{Heap after GC invocations=69 (full 3):
 PSYoungGen      total 8192K, used 480K [0x00000000d5580000, 0x00000000d5f00000, 0x0000000100000000)
  eden space 7680K, 0% used [0x00000000d5580000,0x00000000d5580000,0x00000000d5d00000)
  from space 512K, 93% used [0x00000000d5e80000,0x00000000d5ef8000,0x00000000d5f00000)
  to   space 1024K, 0% used [0x00000000d5d00000,0x00000000d5d00000,0x00000000d5e00000)
 ParOldGen       total 68608K, used 55344K [0x0000000080000000, 0x0000000084300000, 0x00000000d5580000)
  object space 68608K, 80% used [0x0000000080000000,0x000000008360c2c0,0x0000000084300000)
 Metaspace       used 60371K, committed 61696K, reserved 1114112K
  class space    used 6384K, committed 6976K, reserved 1048576K
}
Event: 14.720 GC heap before
{Heap before GC invocations=70 (full 3):
 PSYoungGen      total 8192K, used 8160K [0x00000000d5580000, 0x00000000d5f00000, 0x0000000100000000)
  eden space 7680K, 100% used [0x00000000d5580000,0x00000000d5d00000,0x00000000d5d00000)
  from space 512K, 93% used [0x00000000d5e80000,0x00000000d5ef8000,0x00000000d5f00000)
  to   space 1024K, 0% used [0x00000000d5d00000,0x00000000d5d00000,0x00000000d5e00000)
 ParOldGen       total 68608K, used 55344K [0x0000000080000000, 0x0000000084300000, 0x00000000d5580000)
  object space 68608K, 80% used [0x0000000080000000,0x000000008360c2c0,0x0000000084300000)
 Metaspace       used 60453K, committed 61760K, reserved 1114112K
  class space    used 6384K, committed 6976K, reserved 1048576K
}
Event: 14.722 GC heap after
{Heap after GC invocations=70 (full 3):
 PSYoungGen      total 8704K, used 800K [0x00000000d5580000, 0x00000000d5f00000, 0x0000000100000000)
  eden space 7680K, 0% used [0x00000000d5580000,0x00000000d5580000,0x00000000d5d00000)
  from space 1024K, 78% used [0x00000000d5d00000,0x00000000d5dc8020,0x00000000d5e00000)
  to   space 1024K, 0% used [0x00000000d5e00000,0x00000000d5e00000,0x00000000d5f00000)
 ParOldGen       total 68608K, used 55632K [0x0000000080000000, 0x0000000084300000, 0x00000000d5580000)
  object space 68608K, 81% used [0x0000000080000000,0x00000000836542c0,0x0000000084300000)
 Metaspace       used 60453K, committed 61760K, reserved 1114112K
  class space    used 6384K, committed 6976K, reserved 1048576K
}
Event: 14.860 GC heap before
{Heap before GC invocations=71 (full 3):
 PSYoungGen      total 8704K, used 8480K [0x00000000d5580000, 0x00000000d5f00000, 0x0000000100000000)
  eden space 7680K, 100% used [0x00000000d5580000,0x00000000d5d00000,0x00000000d5d00000)
  from space 1024K, 78% used [0x00000000d5d00000,0x00000000d5dc8020,0x00000000d5e00000)
  to   space 1024K, 0% used [0x00000000d5e00000,0x00000000d5e00000,0x00000000d5f00000)
 ParOldGen       total 68608K, used 55632K [0x0000000080000000, 0x0000000084300000, 0x00000000d5580000)
  object space 68608K, 81% used [0x0000000080000000,0x00000000836542c0,0x0000000084300000)
 Metaspace       used 60579K, committed 61888K, reserved 1114112K
  class space    used 6387K, committed 6976K, reserved 1048576K
}
Event: 14.861 GC heap after
{Heap after GC invocations=71 (full 3):
 PSYoungGen      total 8704K, used 640K [0x00000000d5580000, 0x00000000d5f00000, 0x0000000100000000)
  eden space 7680K, 0% used [0x00000000d5580000,0x00000000d5580000,0x00000000d5d00000)
  from space 1024K, 62% used [0x00000000d5e00000,0x00000000d5ea0000,0x00000000d5f00000)
  to   space 1024K, 0% used [0x00000000d5d00000,0x00000000d5d00000,0x00000000d5e00000)
 ParOldGen       total 68608K, used 55982K [0x0000000080000000, 0x0000000084300000, 0x00000000d5580000)
  object space 68608K, 81% used [0x0000000080000000,0x00000000836ab9d8,0x0000000084300000)
 Metaspace       used 60579K, committed 61888K, reserved 1114112K
  class space    used 6387K, committed 6976K, reserved 1048576K
}
Event: 15.176 GC heap before
{Heap before GC invocations=72 (full 3):
 PSYoungGen      total 8704K, used 8308K [0x00000000d5580000, 0x00000000d5f00000, 0x0000000100000000)
  eden space 7680K, 99% used [0x00000000d5580000,0x00000000d5cfd170,0x00000000d5d00000)
  from space 1024K, 62% used [0x00000000d5e00000,0x00000000d5ea0000,0x00000000d5f00000)
  to   space 1024K, 0% used [0x00000000d5d00000,0x00000000d5d00000,0x00000000d5e00000)
 ParOldGen       total 68608K, used 55982K [0x0000000080000000, 0x0000000084300000, 0x00000000d5580000)
  object space 68608K, 81% used [0x0000000080000000,0x00000000836ab9d8,0x0000000084300000)
 Metaspace       used 61058K, committed 62400K, reserved 1114112K
  class space    used 6445K, committed 7040K, reserved 1048576K
}
Event: 15.178 GC heap after
{Heap after GC invocations=72 (full 3):
 PSYoungGen      total 8704K, used 896K [0x00000000d5580000, 0x00000000d5f00000, 0x0000000100000000)
  eden space 7680K, 0% used [0x00000000d5580000,0x00000000d5580000,0x00000000d5d00000)
  from space 1024K, 87% used [0x00000000d5d00000,0x00000000d5de0000,0x00000000d5e00000)
  to   space 1024K, 0% used [0x00000000d5e00000,0x00000000d5e00000,0x00000000d5f00000)
 ParOldGen       total 68608K, used 56430K [0x0000000080000000, 0x0000000084300000, 0x00000000d5580000)
  object space 68608K, 82% used [0x0000000080000000,0x000000008371b9d8,0x0000000084300000)
 Metaspace       used 61058K, committed 62400K, reserved 1114112K
  class space    used 6445K, committed 7040K, reserved 1048576K
}
Event: 15.300 GC heap before
{Heap before GC invocations=73 (full 3):
 PSYoungGen      total 8704K, used 8576K [0x00000000d5580000, 0x00000000d5f00000, 0x0000000100000000)
  eden space 7680K, 100% used [0x00000000d5580000,0x00000000d5d00000,0x00000000d5d00000)
  from space 1024K, 87% used [0x00000000d5d00000,0x00000000d5de0000,0x00000000d5e00000)
  to   space 1024K, 0% used [0x00000000d5e00000,0x00000000d5e00000,0x00000000d5f00000)
 ParOldGen       total 68608K, used 56430K [0x0000000080000000, 0x0000000084300000, 0x00000000d5580000)
  object space 68608K, 82% used [0x0000000080000000,0x000000008371b9d8,0x0000000084300000)
 Metaspace       used 61335K, committed 62720K, reserved 1114112K
  class space    used 6483K, committed 7104K, reserved 1048576K
}
Event: 15.302 GC heap after
{Heap after GC invocations=73 (full 3):
 PSYoungGen      total 8192K, used 1008K [0x00000000d5580000, 0x00000000d6000000, 0x0000000100000000)
  eden space 7168K, 0% used [0x00000000d5580000,0x00000000d5580000,0x00000000d5c80000)
  from space 1024K, 98% used [0x00000000d5e00000,0x00000000d5efc030,0x00000000d5f00000)
  to   space 1536K, 0% used [0x00000000d5c80000,0x00000000d5c80000,0x00000000d5e00000)
 ParOldGen       total 68608K, used 56982K [0x0000000080000000, 0x0000000084300000, 0x00000000d5580000)
  object space 68608K, 83% used [0x0000000080000000,0x00000000837a59d8,0x0000000084300000)
 Metaspace       used 61335K, committed 62720K, reserved 1114112K
  class space    used 6483K, committed 7104K, reserved 1048576K
}
Event: 15.400 GC heap before
{Heap before GC invocations=74 (full 3):
 PSYoungGen      total 8192K, used 8176K [0x00000000d5580000, 0x00000000d6000000, 0x0000000100000000)
  eden space 7168K, 99% used [0x00000000d5580000,0x00000000d5c7fff0,0x00000000d5c80000)
  from space 1024K, 98% used [0x00000000d5e00000,0x00000000d5efc030,0x00000000d5f00000)
  to   space 1536K, 0% used [0x00000000d5c80000,0x00000000d5c80000,0x00000000d5e00000)
 ParOldGen       total 68608K, used 56982K [0x0000000080000000, 0x0000000084300000, 0x00000000d5580000)
  object space 68608K, 83% used [0x0000000080000000,0x00000000837a59d8,0x0000000084300000)
 Metaspace       used 61455K, committed 62848K, reserved 1114112K
  class space    used 6499K, committed 7104K, reserved 1048576K
}
Event: 15.402 GC heap after
{Heap after GC invocations=74 (full 3):
 PSYoungGen      total 8192K, used 640K [0x00000000d5580000, 0x00000000d5e80000, 0x0000000100000000)
  eden space 7168K, 0% used [0x00000000d5580000,0x00000000d5580000,0x00000000d5c80000)
  from space 1024K, 62% used [0x00000000d5c80000,0x00000000d5d20000,0x00000000d5d80000)
  to   space 1024K, 0% used [0x00000000d5d80000,0x00000000d5d80000,0x00000000d5e80000)
 ParOldGen       total 68608K, used 57490K [0x0000000080000000, 0x0000000084300000, 0x00000000d5580000)
  object space 68608K, 83% used [0x0000000080000000,0x00000000838249e8,0x0000000084300000)
 Metaspace       used 61455K, committed 62848K, reserved 1114112K
  class space    used 6499K, committed 7104K, reserved 1048576K
}
Event: 15.608 GC heap before
{Heap before GC invocations=75 (full 3):
 PSYoungGen      total 8192K, used 7808K [0x00000000d5580000, 0x00000000d5e80000, 0x0000000100000000)
  eden space 7168K, 100% used [0x00000000d5580000,0x00000000d5c80000,0x00000000d5c80000)
  from space 1024K, 62% used [0x00000000d5c80000,0x00000000d5d20000,0x00000000d5d80000)
  to   space 1024K, 0% used [0x00000000d5d80000,0x00000000d5d80000,0x00000000d5e80000)
 ParOldGen       total 92160K, used 88210K [0x0000000080000000, 0x0000000085a00000, 0x00000000d5580000)
  object space 92160K, 95% used [0x0000000080000000,0x0000000085624a18,0x0000000085a00000)
 Metaspace       used 62045K, committed 63424K, reserved 1114112K
  class space    used 6559K, committed 7168K, reserved 1048576K
}
Event: 15.609 GC heap after
{Heap after GC invocations=75 (full 3):
 PSYoungGen      total 8192K, used 453K [0x00000000d5580000, 0x00000000d5e80000, 0x0000000100000000)
  eden space 7168K, 0% used [0x00000000d5580000,0x00000000d5580000,0x00000000d5c80000)
  from space 1024K, 44% used [0x00000000d5d80000,0x00000000d5df1420,0x00000000d5e80000)
  to   space 1024K, 0% used [0x00000000d5c80000,0x00000000d5c80000,0x00000000d5d80000)
 ParOldGen       total 92160K, used 88552K [0x0000000080000000, 0x0000000085a00000, 0x00000000d5580000)
  object space 92160K, 96% used [0x0000000080000000,0x000000008567a140,0x0000000085a00000)
 Metaspace       used 62045K, committed 63424K, reserved 1114112K
  class space    used 6559K, committed 7168K, reserved 1048576K
}
Event: 16.005 GC heap before
{Heap before GC invocations=76 (full 3):
 PSYoungGen      total 8192K, used 7621K [0x00000000d5580000, 0x00000000d5e80000, 0x0000000100000000)
  eden space 7168K, 100% used [0x00000000d5580000,0x00000000d5c80000,0x00000000d5c80000)
  from space 1024K, 44% used [0x00000000d5d80000,0x00000000d5df1420,0x00000000d5e80000)
  to   space 1024K, 0% used [0x00000000d5c80000,0x00000000d5c80000,0x00000000d5d80000)
 ParOldGen       total 92160K, used 88552K [0x0000000080000000, 0x0000000085a00000, 0x00000000d5580000)
  object space 92160K, 96% used [0x0000000080000000,0x000000008567a140,0x0000000085a00000)
 Metaspace       used 62452K, committed 63936K, reserved 1114112K
  class space    used 6597K, committed 7296K, reserved 1048576K
}

