# JRE version: OpenJDK Runtime Environment Temurin-21.0.9+10 (21.0.9+10) (build 21.0.9+10-LTS)
# Java VM: OpenJDK 64-Bit Server VM Temurin-21.0.9+10 (21.0.9+10-LTS, mixed mode, sharing, tiered, compressed oops, compressed class ptrs, parallel gc, windows-amd64)
GC Precious Log:
 CardTable entry size: 512
 CPUs: 12 total, 12 available
 Memory: 7381M
 Large Page Support: Disabled
 NUMA Support: Disabled
 Compressed Oops: Enabled (32-bit)
 Alignments: Space 512K, Generation 512K, Heap 2M
 Heap Min Capacity: 100M
 Heap Initial Capacity: 100M
 Heap Max Capacity: 2G
 Pre-touch: Disabled
 Parallel Workers: 10
Heap:
 PSYoungGen      total 11776K, used 9636K [0x00000000d5580000, 0x00000000d6300000, 0x0000000100000000)
  eden space 11264K, 81% used [0x00000000d5580000,0x00000000d5e70388,0x00000000d6080000)
  from space 512K, 94% used [0x00000000d6280000,0x00000000d62f8d20,0x00000000d6300000)
  to   space 1024K, 0% used [0x00000000d6100000,0x00000000d6100000,0x00000000d6200000)
 ParOldGen       total 94208K, used 94135K [0x0000000080000000, 0x0000000085c00000, 0x00000000d5580000)
  object space 94208K, 99% used [0x0000000080000000,0x0000000085bedd88,0x0000000085c00000)
 Metaspace       used 64875K, committed 66368K, reserved 1114112K
  class space    used 6879K, committed 7552K, reserved 1048576K
GC Heap History (20 events):
Event: 20.994 GC heap before
{Heap before GC invocations=86 (full 3):
 PSYoungGen      total 11776K, used 11663K [0x00000000d5580000, 0x00000000d6300000, 0x0000000100000000)
  eden space 11264K, 100% used [0x00000000d5580000,0x00000000d6080000,0x00000000d6080000)
  from space 512K, 77% used [0x00000000d6280000,0x00000000d62e3cc8,0x00000000d6300000)
  to   space 512K, 0% used [0x00000000d6200000,0x00000000d6200000,0x00000000d6280000)
 ParOldGen       total 92672K, used 92424K [0x0000000080000000, 0x0000000085a80000, 0x00000000d5580000)
  object space 92672K, 99% used [0x0000000080000000,0x0000000085a42068,0x0000000085a80000)
 Metaspace       used 63967K, committed 65536K, reserved 1114112K
  class space    used 6744K, committed 7424K, reserved 1048576K
}
Event: 20.995 GC heap after
{Heap after GC invocations=86 (full 3):
 PSYoungGen      total 11776K, used 383K [0x00000000d5580000, 0x00000000d6300000, 0x0000000100000000)
  eden space 11264K, 0% used [0x00000000d5580000,0x00000000d5580000,0x00000000d6080000)
  from space 512K, 74% used [0x00000000d6200000,0x00000000d625ffa0,0x00000000d6280000)
  to   space 512K, 0% used [0x00000000d6280000,0x00000000d6280000,0x00000000d6300000)
 ParOldGen       total 92672K, used 92496K [0x0000000080000000, 0x0000000085a80000, 0x00000000d5580000)
  object space 92672K, 99% used [0x0000000080000000,0x0000000085a54068,0x0000000085a80000)
 Metaspace       used 63967K, committed 65536K, reserved 1114112K
  class space    used 6744K, committed 7424K, reserved 1048576K
}
Event: 21.029 GC heap before
{Heap before GC invocations=87 (full 3):
 PSYoungGen      total 11776K, used 11647K [0x00000000d5580000, 0x00000000d6300000, 0x0000000100000000)
  eden space 11264K, 100% used [0x00000000d5580000,0x00000000d6080000,0x00000000d6080000)
  from space 512K, 74% used [0x00000000d6200000,0x00000000d625ffa0,0x00000000d6280000)
  to   space 512K, 0% used [0x00000000d6280000,0x00000000d6280000,0x00000000d6300000)
 ParOldGen       total 92672K, used 92496K [0x0000000080000000, 0x0000000085a80000, 0x00000000d5580000)
  object space 92672K, 99% used [0x0000000080000000,0x0000000085a54068,0x0000000085a80000)
 Metaspace       used 64003K, committed 65536K, reserved 1114112K
  class space    used 6745K, committed 7424K, reserved 1048576K
}
Event: 21.031 GC heap after
{Heap after GC invocations=87 (full 3):
 PSYoungGen      total 11776K, used 352K [0x00000000d5580000, 0x00000000d6300000, 0x0000000100000000)
  eden space 11264K, 0% used [0x00000000d5580000,0x00000000d5580000,0x00000000d6080000)
  from space 512K, 68% used [0x00000000d6280000,0x00000000d62d8000,0x00000000d6300000)
  to   space 512K, 0% used [0x00000000d6200000,0x00000000d6200000,0x00000000d6280000)
 ParOldGen       total 92672K, used 92576K [0x0000000080000000, 0x0000000085a80000, 0x00000000d5580000)
  object space 92672K, 99% used [0x0000000080000000,0x0000000085a68068,0x0000000085a80000)
 Metaspace       used 64003K, committed 65536K, reserved 1114112K
  class space    used 6745K, committed 7424K, reserved 1048576K
}
Event: 21.068 GC heap before
{Heap before GC invocations=88 (full 3):
 PSYoungGen      total 11776K, used 11616K [0x00000000d5580000, 0x00000000d6300000, 0x0000000100000000)
  eden space 11264K, 100% used [0x00000000d5580000,0x00000000d6080000,0x00000000d6080000)
  from space 512K, 68% used [0x00000000d6280000,0x00000000d62d8000,0x00000000d6300000)
  to   space 512K, 0% used [0x00000000d6200000,0x00000000d6200000,0x00000000d6280000)
 ParOldGen       total 92672K, used 92576K [0x0000000080000000, 0x0000000085a80000, 0x00000000d5580000)
  object space 92672K, 99% used [0x0000000080000000,0x0000000085a68068,0x0000000085a80000)
 Metaspace       used 64003K, committed 65536K, reserved 1114112K
  class space    used 6745K, committed 7424K, reserved 1048576K
}
Event: 21.069 GC heap after
{Heap after GC invocations=88 (full 3):
 PSYoungGen      total 11776K, used 336K [0x00000000d5580000, 0x00000000d6300000, 0x0000000100000000)
  eden space 11264K, 0% used [0x00000000d5580000,0x00000000d5580000,0x00000000d6080000)
  from space 512K, 65% used [0x00000000d6200000,0x00000000d62543c0,0x00000000d6280000)
  to   space 512K, 0% used [0x00000000d6280000,0x00000000d6280000,0x00000000d6300000)
 ParOldGen       total 93184K, used 92704K [0x0000000080000000, 0x0000000085b00000, 0x00000000d5580000)
  object space 93184K, 99% used [0x0000000080000000,0x0000000085a88068,0x0000000085b00000)
 Metaspace       used 64003K, committed 65536K, reserved 1114112K
  class space    used 6745K, committed 7424K, reserved 1048576K
}
Event: 21.104 GC heap before
{Heap before GC invocations=89 (full 3):
 PSYoungGen      total 11776K, used 11600K [0x00000000d5580000, 0x00000000d6300000, 0x0000000100000000)
  eden space 11264K, 100% used [0x00000000d5580000,0x00000000d6080000,0x00000000d6080000)
  from space 512K, 65% used [0x00000000d6200000,0x00000000d62543c0,0x00000000d6280000)
  to   space 512K, 0% used [0x00000000d6280000,0x00000000d6280000,0x00000000d6300000)
 ParOldGen       total 93184K, used 92704K [0x0000000080000000, 0x0000000085b00000, 0x00000000d5580000)
  object space 93184K, 99% used [0x0000000080000000,0x0000000085a88068,0x0000000085b00000)
 Metaspace       used 64003K, committed 65536K, reserved 1114112K
  class space    used 6745K, committed 7424K, reserved 1048576K
}
Event: 21.105 GC heap after
{Heap after GC invocations=89 (full 3):
 PSYoungGen      total 11776K, used 422K [0x00000000d5580000, 0x00000000d6300000, 0x0000000100000000)
  eden space 11264K, 0% used [0x00000000d5580000,0x00000000d5580000,0x00000000d6080000)
  from space 512K, 82% used [0x00000000d6280000,0x00000000d62e9898,0x00000000d6300000)
  to   space 512K, 0% used [0x00000000d6200000,0x00000000d6200000,0x00000000d6280000)
 ParOldGen       total 93184K, used 92784K [0x0000000080000000, 0x0000000085b00000, 0x00000000d5580000)
  object space 93184K, 99% used [0x0000000080000000,0x0000000085a9c068,0x0000000085b00000)
 Metaspace       used 64003K, committed 65536K, reserved 1114112K
  class space    used 6745K, committed 7424K, reserved 1048576K
}
Event: 21.141 GC heap before
{Heap before GC invocations=90 (full 3):
 PSYoungGen      total 11776K, used 11686K [0x00000000d5580000, 0x00000000d6300000, 0x0000000100000000)
  eden space 11264K, 100% used [0x00000000d5580000,0x00000000d6080000,0x00000000d6080000)
  from space 512K, 82% used [0x00000000d6280000,0x00000000d62e9898,0x00000000d6300000)
  to   space 512K, 0% used [0x00000000d6200000,0x00000000d6200000,0x00000000d6280000)
 ParOldGen       total 93184K, used 92784K [0x0000000080000000, 0x0000000085b00000, 0x00000000d5580000)
  object space 93184K, 99% used [0x0000000080000000,0x0000000085a9c068,0x0000000085b00000)
 Metaspace       used 64003K, committed 65536K, reserved 1114112K
  class space    used 6745K, committed 7424K, reserved 1048576K
}
Event: 21.142 GC heap after
{Heap after GC invocations=90 (full 3):
 PSYoungGen      total 11776K, used 391K [0x00000000d5580000, 0x00000000d6300000, 0x0000000100000000)
  eden space 11264K, 0% used [0x00000000d5580000,0x00000000d5580000,0x00000000d6080000)
  from space 512K, 76% used [0x00000000d6200000,0x00000000d6261c30,0x00000000d6280000)
  to   space 512K, 0% used [0x00000000d6280000,0x00000000d6280000,0x00000000d6300000)
 ParOldGen       total 93184K, used 92864K [0x0000000080000000, 0x0000000085b00000, 0x00000000d5580000)
  object space 93184K, 99% used [0x0000000080000000,0x0000000085ab0068,0x0000000085b00000)
 Metaspace       used 64003K, committed 65536K, reserved 1114112K
  class space    used 6745K, committed 7424K, reserved 1048576K
}
Event: 21.210 GC heap before
{Heap before GC invocations=91 (full 3):
 PSYoungGen      total 11776K, used 11655K [0x00000000d5580000, 0x00000000d6300000, 0x0000000100000000)
  eden space 11264K, 100% used [0x00000000d5580000,0x00000000d6080000,0x00000000d6080000)
  from space 512K, 76% used [0x00000000d6200000,0x00000000d6261c30,0x00000000d6280000)
  to   space 512K, 0% used [0x00000000d6280000,0x00000000d6280000,0x00000000d6300000)
 ParOldGen       total 93184K, used 92864K [0x0000000080000000, 0x0000000085b00000, 0x00000000d5580000)
  object space 93184K, 99% used [0x0000000080000000,0x0000000085ab0068,0x0000000085b00000)
 Metaspace       used 64108K, committed 65600K, reserved 1114112K
  class space    used 6757K, committed 7424K, reserved 1048576K
}
Event: 21.212 GC heap after
{Heap after GC invocations=91 (full 3):
 PSYoungGen      total 11776K, used 372K [0x00000000d5580000, 0x00000000d6300000, 0x0000000100000000)
  eden space 11264K, 0% used [0x00000000d5580000,0x00000000d5580000,0x00000000d6080000)
  from space 512K, 72% used [0x00000000d6280000,0x00000000d62dd200,0x00000000d6300000)
  to   space 512K, 0% used [0x00000000d6200000,0x00000000d6200000,0x00000000d6280000)
 ParOldGen       total 93184K, used 92936K [0x0000000080000000, 0x0000000085b00000, 0x00000000d5580000)
  object space 93184K, 99% used [0x0000000080000000,0x0000000085ac2068,0x0000000085b00000)
 Metaspace       used 64108K, committed 65600K, reserved 1114112K
  class space    used 6757K, committed 7424K, reserved 1048576K
}
Event: 21.242 GC heap before
{Heap before GC invocations=92 (full 3):
 PSYoungGen      total 11776K, used 11636K [0x00000000d5580000, 0x00000000d6300000, 0x0000000100000000)
  eden space 11264K, 100% used [0x00000000d5580000,0x00000000d6080000,0x00000000d6080000)
  from space 512K, 72% used [0x00000000d6280000,0x00000000d62dd200,0x00000000d6300000)
  to   space 512K, 0% used [0x00000000d6200000,0x00000000d6200000,0x00000000d6280000)
 ParOldGen       total 93184K, used 92936K [0x0000000080000000, 0x0000000085b00000, 0x00000000d5580000)
  object space 93184K, 99% used [0x0000000080000000,0x0000000085ac2068,0x0000000085b00000)
 Metaspace       used 64108K, committed 65600K, reserved 1114112K
  class space    used 6757K, committed 7424K, reserved 1048576K
}
Event: 21.243 GC heap after
{Heap after GC invocations=92 (full 3):
 PSYoungGen      total 11776K, used 386K [0x00000000d5580000, 0x00000000d6300000, 0x0000000100000000)
  eden space 11264K, 0% used [0x00000000d5580000,0x00000000d5580000,0x00000000d6080000)
  from space 512K, 75% used [0x00000000d6200000,0x00000000d62609a8,0x00000000d6280000)
  to   space 512K, 0% used [0x00000000d6280000,0x00000000d6280000,0x00000000d6300000)
 ParOldGen       total 93696K, used 93439K [0x0000000080000000, 0x0000000085b80000, 0x00000000d5580000)
  object space 93696K, 99% used [0x0000000080000000,0x0000000085b3fd88,0x0000000085b80000)
 Metaspace       used 64108K, committed 65600K, reserved 1114112K
  class space    used 6757K, committed 7424K, reserved 1048576K
}
Event: 21.294 GC heap before
{Heap before GC invocations=93 (full 3):
 PSYoungGen      total 11776K, used 11563K [0x00000000d5580000, 0x00000000d6300000, 0x0000000100000000)
  eden space 11264K, 99% used [0x00000000d5580000,0x00000000d606a558,0x00000000d6080000)
  from space 512K, 75% used [0x00000000d6200000,0x00000000d62609a8,0x00000000d6280000)
  to   space 512K, 0% used [0x00000000d6280000,0x00000000d6280000,0x00000000d6300000)
 ParOldGen       total 93696K, used 93439K [0x0000000080000000, 0x0000000085b80000, 0x00000000d5580000)
  object space 93696K, 99% used [0x0000000080000000,0x0000000085b3fd88,0x0000000085b80000)
 Metaspace       used 64114K, committed 65600K, reserved 1114112K
  class space    used 6757K, committed 7424K, reserved 1048576K
}
Event: 21.295 GC heap after
{Heap after GC invocations=93 (full 3):
 PSYoungGen      total 11776K, used 448K [0x00000000d5580000, 0x00000000d6300000, 0x0000000100000000)
  eden space 11264K, 0% used [0x00000000d5580000,0x00000000d5580000,0x00000000d6080000)
  from space 512K, 87% used [0x00000000d6280000,0x00000000d62f0000,0x00000000d6300000)
  to   space 512K, 0% used [0x00000000d6200000,0x00000000d6200000,0x00000000d6280000)
 ParOldGen       total 93696K, used 93639K [0x0000000080000000, 0x0000000085b80000, 0x00000000d5580000)
  object space 93696K, 99% used [0x0000000080000000,0x0000000085b71d88,0x0000000085b80000)
 Metaspace       used 64114K, committed 65600K, reserved 1114112K
  class space    used 6757K, committed 7424K, reserved 1048576K
}
Event: 21.358 GC heap before
{Heap before GC invocations=94 (full 3):
 PSYoungGen      total 11776K, used 11712K [0x00000000d5580000, 0x00000000d6300000, 0x0000000100000000)
  eden space 11264K, 100% used [0x00000000d5580000,0x00000000d6080000,0x00000000d6080000)
  from space 512K, 87% used [0x00000000d6280000,0x00000000d62f0000,0x00000000d6300000)
  to   space 512K, 0% used [0x00000000d6200000,0x00000000d6200000,0x00000000d6280000)
 ParOldGen       total 93696K, used 93639K [0x0000000080000000, 0x0000000085b80000, 0x00000000d5580000)
  object space 93696K, 99% used [0x0000000080000000,0x0000000085b71d88,0x0000000085b80000)
 Metaspace       used 64125K, committed 65664K, reserved 1114112K
  class space    used 6757K, committed 7424K, reserved 1048576K
}
Event: 21.360 GC heap after
{Heap after GC invocations=94 (full 3):
 PSYoungGen      total 11776K, used 480K [0x00000000d5580000, 0x00000000d6300000, 0x0000000100000000)
  eden space 11264K, 0% used [0x00000000d5580000,0x00000000d5580000,0x00000000d6080000)
  from space 512K, 93% used [0x00000000d6200000,0x00000000d6278288,0x00000000d6280000)
  to   space 512K, 0% used [0x00000000d6280000,0x00000000d6280000,0x00000000d6300000)
 ParOldGen       total 94208K, used 93951K [0x0000000080000000, 0x0000000085c00000, 0x00000000d5580000)
  object space 94208K, 99% used [0x0000000080000000,0x0000000085bbfd88,0x0000000085c00000)
 Metaspace       used 64125K, committed 65664K, reserved 1114112K
  class space    used 6757K, committed 7424K, reserved 1048576K
}
Event: 21.693 GC heap before
{Heap before GC invocations=95 (full 3):
 PSYoungGen      total 11776K, used 11744K [0x00000000d5580000, 0x00000000d6300000, 0x0000000100000000)
  eden space 11264K, 100% used [0x00000000d5580000,0x00000000d6080000,0x00000000d6080000)
  from space 512K, 93% used [0x00000000d6200000,0x00000000d6278288,0x00000000d6280000)
  to   space 512K, 0% used [0x00000000d6280000,0x00000000d6280000,0x00000000d6300000)
 ParOldGen       total 94208K, used 93951K [0x0000000080000000, 0x0000000085c00000, 0x00000000d5580000)
  object space 94208K, 99% used [0x0000000080000000,0x0000000085bbfd88,0x0000000085c00000)
 Metaspace       used 64276K, committed 65728K, reserved 1114112K
  class space    used 6777K, committed 7424K, reserved 1048576K
}
Event: 21.695 GC heap after
{Heap after GC invocations=95 (full 3):
 PSYoungGen      total 11776K, used 483K [0x00000000d5580000, 0x00000000d6300000, 0x0000000100000000)
  eden space 11264K, 0% used [0x00000000d5580000,0x00000000d5580000,0x00000000d6080000)
  from space 512K, 94% used [0x00000000d6280000,0x00000000d62f8d20,0x00000000d6300000)
  to   space 1024K, 0% used [0x00000000d6100000,0x00000000d6100000,0x00000000d6200000)
 ParOldGen       total 94208K, used 94135K [0x0000000080000000, 0x0000000085c00000, 0x00000000d5580000)
  object space 94208K, 99% used [0x0000000080000000,0x0000000085bedd88,0x0000000085c00000)
 Metaspace       used 64276K, committed 65728K, reserved 1114112K
  class space    used 6777K, committed 7424K, reserved 1048576K
}

