# JRE version: OpenJDK Runtime Environment Temurin-21.0.9+10 (21.0.9+10) (build 21.0.9+10-LTS)
# Java VM: OpenJDK 64-Bit Server VM Temurin-21.0.9+10 (21.0.9+10-LTS, mixed mode, sharing, tiered, compressed oops, compressed class ptrs, parallel gc, windows-amd64)
GC Precious Log:
 CardTable entry size: 512
 CPUs: 12 total, 12 available
 Memory: 7381M
 Large Page Support: Disabled
 NUMA Support: Disabled
 Compressed Oops: Enabled (32-bit)
 Alignments: Space 512K, Generation 512K, Heap 2M
 Heap Min Capacity: 100M
 Heap Initial Capacity: 100M
 Heap Max Capacity: 2G
 Pre-touch: Disabled
 Parallel Workers: 10
Heap:
 PSYoungGen      total 9728K, used 7909K [0x00000000d5580000, 0x00000000d6300000, 0x0000000100000000)
  eden space 9216K, 82% used [0x00000000d5580000,0x00000000d5cf1798,0x00000000d5e80000)
  from space 512K, 56% used [0x00000000d6280000,0x00000000d62c8000,0x00000000d6300000)
  to   space 512K, 0% used [0x00000000d6200000,0x00000000d6200000,0x00000000d6280000)
 ParOldGen       total 109056K, used 107875K [0x0000000080000000, 0x0000000086a80000, 0x00000000d5580000)
  object space 109056K, 98% used [0x0000000080000000,0x0000000086958de8,0x0000000086a80000)
 Metaspace       used 66394K, committed 67904K, reserved 1114112K
  class space    used 7003K, committed 7680K, reserved 1048576K
GC Heap History (20 events):
Event: 32.819 GC heap before
{Heap before GC invocations=72 (full 3):
 PSYoungGen      total 13824K, used 13600K [0x00000000d5580000, 0x00000000d6500000, 0x0000000100000000)
  eden space 13312K, 100% used [0x00000000d5580000,0x00000000d6280000,0x00000000d6280000)
  from space 512K, 56% used [0x00000000d6480000,0x00000000d64c8000,0x00000000d6500000)
  to   space 1024K, 0% used [0x00000000d6300000,0x00000000d6300000,0x00000000d6400000)
 ParOldGen       total 77312K, used 67931K [0x0000000080000000, 0x0000000084b80000, 0x00000000d5580000)
  object space 77312K, 87% used [0x0000000080000000,0x0000000084256f40,0x0000000084b80000)
 Metaspace       used 62062K, committed 63552K, reserved 1114112K
  class space    used 6593K, committed 7232K, reserved 1048576K
}
Event: 32.822 GC heap after
{Heap after GC invocations=72 (full 3):
 PSYoungGen      total 14336K, used 1024K [0x00000000d5580000, 0x00000000d6680000, 0x0000000100000000)
  eden space 13312K, 0% used [0x00000000d5580000,0x00000000d5580000,0x00000000d6280000)
  from space 1024K, 100% used [0x00000000d6300000,0x00000000d6400000,0x00000000d6400000)
  to   space 2048K, 0% used [0x00000000d6480000,0x00000000d6480000,0x00000000d6680000)
 ParOldGen       total 77312K, used 68528K [0x0000000080000000, 0x0000000084b80000, 0x00000000d5580000)
  object space 77312K, 88% used [0x0000000080000000,0x00000000842ec200,0x0000000084b80000)
 Metaspace       used 62062K, committed 63552K, reserved 1114112K
  class space    used 6593K, committed 7232K, reserved 1048576K
}
Event: 33.383 GC heap before
{Heap before GC invocations=73 (full 3):
 PSYoungGen      total 14336K, used 14336K [0x00000000d5580000, 0x00000000d6680000, 0x0000000100000000)
  eden space 13312K, 100% used [0x00000000d5580000,0x00000000d6280000,0x00000000d6280000)
  from space 1024K, 100% used [0x00000000d6300000,0x00000000d6400000,0x00000000d6400000)
  to   space 2048K, 0% used [0x00000000d6480000,0x00000000d6480000,0x00000000d6680000)
 ParOldGen       total 77312K, used 68528K [0x0000000080000000, 0x0000000084b80000, 0x00000000d5580000)
  object space 77312K, 88% used [0x0000000080000000,0x00000000842ec200,0x0000000084b80000)
 Metaspace       used 62885K, committed 64320K, reserved 1114112K
  class space    used 6669K, committed 7296K, reserved 1048576K
}
Event: 33.386 GC heap after
{Heap after GC invocations=73 (full 3):
 PSYoungGen      total 14848K, used 1248K [0x00000000d5580000, 0x00000000d6600000, 0x0000000100000000)
  eden space 13312K, 0% used [0x00000000d5580000,0x00000000d5580000,0x00000000d6280000)
  from space 1536K, 81% used [0x00000000d6480000,0x00000000d65b8020,0x00000000d6600000)
  to   space 1536K, 0% used [0x00000000d6300000,0x00000000d6300000,0x00000000d6480000)
 ParOldGen       total 77312K, used 69573K [0x0000000080000000, 0x0000000084b80000, 0x00000000d5580000)
  object space 77312K, 89% used [0x0000000080000000,0x00000000843f1650,0x0000000084b80000)
 Metaspace       used 62885K, committed 64320K, reserved 1114112K
  class space    used 6669K, committed 7296K, reserved 1048576K
}
Event: 33.999 GC heap before
{Heap before GC invocations=74 (full 3):
 PSYoungGen      total 14848K, used 14560K [0x00000000d5580000, 0x00000000d6600000, 0x0000000100000000)
  eden space 13312K, 100% used [0x00000000d5580000,0x00000000d6280000,0x00000000d6280000)
  from space 1536K, 81% used [0x00000000d6480000,0x00000000d65b8020,0x00000000d6600000)
  to   space 1536K, 0% used [0x00000000d6300000,0x00000000d6300000,0x00000000d6480000)
 ParOldGen       total 77312K, used 69573K [0x0000000080000000, 0x0000000084b80000, 0x00000000d5580000)
  object space 77312K, 89% used [0x0000000080000000,0x00000000843f1650,0x0000000084b80000)
 Metaspace       used 63718K, committed 65216K, reserved 1114112K
  class space    used 6752K, committed 7424K, reserved 1048576K
}
Event: 34.003 GC heap after
{Heap after GC invocations=74 (full 3):
 PSYoungGen      total 14848K, used 1531K [0x00000000d5580000, 0x00000000d6980000, 0x0000000100000000)
  eden space 13312K, 0% used [0x00000000d5580000,0x00000000d5580000,0x00000000d6280000)
  from space 1536K, 99% used [0x00000000d6300000,0x00000000d647efb8,0x00000000d6480000)
  to   space 3584K, 0% used [0x00000000d6600000,0x00000000d6600000,0x00000000d6980000)
 ParOldGen       total 77312K, used 70930K [0x0000000080000000, 0x0000000084b80000, 0x00000000d5580000)
  object space 77312K, 91% used [0x0000000080000000,0x00000000845449d8,0x0000000084b80000)
 Metaspace       used 63718K, committed 65216K, reserved 1114112K
  class space    used 6752K, committed 7424K, reserved 1048576K
}
Event: 34.481 GC heap before
{Heap before GC invocations=75 (full 3):
 PSYoungGen      total 14848K, used 14843K [0x00000000d5580000, 0x00000000d6980000, 0x0000000100000000)
  eden space 13312K, 100% used [0x00000000d5580000,0x00000000d6280000,0x00000000d6280000)
  from space 1536K, 99% used [0x00000000d6300000,0x00000000d647efb8,0x00000000d6480000)
  to   space 3584K, 0% used [0x00000000d6600000,0x00000000d6600000,0x00000000d6980000)
 ParOldGen       total 77312K, used 70930K [0x0000000080000000, 0x0000000084b80000, 0x00000000d5580000)
  object space 77312K, 91% used [0x0000000080000000,0x00000000845449d8,0x0000000084b80000)
 Metaspace       used 64356K, committed 65792K, reserved 1114112K
  class space    used 6768K, committed 7424K, reserved 1048576K
}
Event: 34.485 GC heap after
{Heap after GC invocations=75 (full 3):
 PSYoungGen      total 12800K, used 3568K [0x00000000d5580000, 0x00000000d7180000, 0x0000000100000000)
  eden space 9216K, 0% used [0x00000000d5580000,0x00000000d5580000,0x00000000d5e80000)
  from space 3584K, 99% used [0x00000000d6600000,0x00000000d697c0a8,0x00000000d6980000)
  to   space 7680K, 0% used [0x00000000d5e80000,0x00000000d5e80000,0x00000000d6600000)
 ParOldGen       total 77312K, used 73935K [0x0000000080000000, 0x0000000084b80000, 0x00000000d5580000)
  object space 77312K, 95% used [0x0000000080000000,0x0000000084833f80,0x0000000084b80000)
 Metaspace       used 64356K, committed 65792K, reserved 1114112K
  class space    used 6768K, committed 7424K, reserved 1048576K
}
Event: 34.706 GC heap before
{Heap before GC invocations=76 (full 3):
 PSYoungGen      total 12800K, used 12784K [0x00000000d5580000, 0x00000000d7180000, 0x0000000100000000)
  eden space 9216K, 100% used [0x00000000d5580000,0x00000000d5e80000,0x00000000d5e80000)
  from space 3584K, 99% used [0x00000000d6600000,0x00000000d697c0a8,0x00000000d6980000)
  to   space 7680K, 0% used [0x00000000d5e80000,0x00000000d5e80000,0x00000000d6600000)
 ParOldGen       total 77312K, used 73935K [0x0000000080000000, 0x0000000084b80000, 0x00000000d5580000)
  object space 77312K, 95% used [0x0000000080000000,0x0000000084833f80,0x0000000084b80000)
 Metaspace       used 64618K, committed 66112K, reserved 1114112K
  class space    used 6808K, committed 7488K, reserved 1048576K
}
Event: 34.709 GC heap after
{Heap after GC invocations=76 (full 3):
 PSYoungGen      total 10752K, used 1376K [0x00000000d5580000, 0x00000000d6680000, 0x0000000100000000)
  eden space 9216K, 0% used [0x00000000d5580000,0x00000000d5580000,0x00000000d5e80000)
  from space 1536K, 89% used [0x00000000d5e80000,0x00000000d5fd8000,0x00000000d6000000)
  to   space 3584K, 0% used [0x00000000d6300000,0x00000000d6300000,0x00000000d6680000)
 ParOldGen       total 77312K, used 74685K [0x0000000080000000, 0x0000000084b80000, 0x00000000d5580000)
  object space 77312K, 96% used [0x0000000080000000,0x00000000848ef4e0,0x0000000084b80000)
 Metaspace       used 64618K, committed 66112K, reserved 1114112K
  class space    used 6808K, committed 7488K, reserved 1048576K
}
Event: 34.845 GC heap before
{Heap before GC invocations=77 (full 3):
 PSYoungGen      total 10752K, used 10585K [0x00000000d5580000, 0x00000000d6680000, 0x0000000100000000)
  eden space 9216K, 99% used [0x00000000d5580000,0x00000000d5e7e650,0x00000000d5e80000)
  from space 1536K, 89% used [0x00000000d5e80000,0x00000000d5fd8000,0x00000000d6000000)
  to   space 3584K, 0% used [0x00000000d6300000,0x00000000d6300000,0x00000000d6680000)
 ParOldGen       total 77312K, used 74685K [0x0000000080000000, 0x0000000084b80000, 0x00000000d5580000)
  object space 77312K, 96% used [0x0000000080000000,0x00000000848ef4e0,0x0000000084b80000)
 Metaspace       used 64851K, committed 66368K, reserved 1114112K
  class space    used 6840K, committed 7488K, reserved 1048576K
}
Event: 34.848 GC heap after
{Heap after GC invocations=77 (full 3):
 PSYoungGen      total 10752K, used 1440K [0x00000000d5580000, 0x00000000d6480000, 0x0000000100000000)
  eden space 9216K, 0% used [0x00000000d5580000,0x00000000d5580000,0x00000000d5e80000)
  from space 1536K, 93% used [0x00000000d6300000,0x00000000d6468020,0x00000000d6480000)
  to   space 2048K, 0% used [0x00000000d6080000,0x00000000d6080000,0x00000000d6280000)
 ParOldGen       total 77312K, used 75653K [0x0000000080000000, 0x0000000084b80000, 0x00000000d5580000)
  object space 77312K, 97% used [0x0000000080000000,0x00000000849e14e0,0x0000000084b80000)
 Metaspace       used 64851K, committed 66368K, reserved 1114112K
  class space    used 6840K, committed 7488K, reserved 1048576K
}
Event: 35.145 GC heap before
{Heap before GC invocations=78 (full 3):
 PSYoungGen      total 10752K, used 10656K [0x00000000d5580000, 0x00000000d6480000, 0x0000000100000000)
  eden space 9216K, 100% used [0x00000000d5580000,0x00000000d5e80000,0x00000000d5e80000)
  from space 1536K, 93% used [0x00000000d6300000,0x00000000d6468020,0x00000000d6480000)
  to   space 2048K, 0% used [0x00000000d6080000,0x00000000d6080000,0x00000000d6280000)
 ParOldGen       total 109056K, used 106373K [0x0000000080000000, 0x0000000086a80000, 0x00000000d5580000)
  object space 109056K, 97% used [0x0000000080000000,0x00000000867e1510,0x0000000086a80000)
 Metaspace       used 65496K, committed 67072K, reserved 1114112K
  class space    used 6911K, committed 7616K, reserved 1048576K
}
Event: 35.147 GC heap after
{Heap after GC invocations=78 (full 3):
 PSYoungGen      total 11264K, used 613K [0x00000000d5580000, 0x00000000d6380000, 0x0000000100000000)
  eden space 9216K, 0% used [0x00000000d5580000,0x00000000d5580000,0x00000000d5e80000)
  from space 2048K, 29% used [0x00000000d6080000,0x00000000d6119420,0x00000000d6280000)
  to   space 1024K, 0% used [0x00000000d6280000,0x00000000d6280000,0x00000000d6380000)
 ParOldGen       total 109056K, used 106889K [0x0000000080000000, 0x0000000086a80000, 0x00000000d5580000)
  object space 109056K, 98% used [0x0000000080000000,0x0000000086862520,0x0000000086a80000)
 Metaspace       used 65496K, committed 67072K, reserved 1114112K
  class space    used 6911K, committed 7616K, reserved 1048576K
}
Event: 153.121 GC heap before
{Heap before GC invocations=79 (full 3):
 PSYoungGen      total 11264K, used 9829K [0x00000000d5580000, 0x00000000d6380000, 0x0000000100000000)
  eden space 9216K, 100% used [0x00000000d5580000,0x00000000d5e80000,0x00000000d5e80000)
  from space 2048K, 29% used [0x00000000d6080000,0x00000000d6119420,0x00000000d6280000)
  to   space 1024K, 0% used [0x00000000d6280000,0x00000000d6280000,0x00000000d6380000)
 ParOldGen       total 109056K, used 106889K [0x0000000080000000, 0x0000000086a80000, 0x00000000d5580000)
  object space 109056K, 98% used [0x0000000080000000,0x0000000086862520,0x0000000086a80000)
 Metaspace       used 66022K, committed 67584K, reserved 1114112K
  class space    used 6975K, committed 7680K, reserved 1048576K
}
Event: 153.168 GC heap after
{Heap after GC invocations=79 (full 3):
 PSYoungGen      total 9728K, used 352K [0x00000000d5580000, 0x00000000d6300000, 0x0000000100000000)
  eden space 9216K, 0% used [0x00000000d5580000,0x00000000d5580000,0x00000000d5e80000)
  from space 512K, 68% used [0x00000000d6280000,0x00000000d62d8000,0x00000000d6300000)
  to   space 512K, 0% used [0x00000000d6200000,0x00000000d6200000,0x00000000d6280000)
 ParOldGen       total 109056K, used 107365K [0x0000000080000000, 0x0000000086a80000, 0x00000000d5580000)
  object space 109056K, 98% used [0x0000000080000000,0x00000000868d96a8,0x0000000086a80000)
 Metaspace       used 66022K, committed 67584K, reserved 1114112K
  class space    used 6975K, committed 7680K, reserved 1048576K
}
Event: 431.614 GC heap before
{Heap before GC invocations=80 (full 3):
 PSYoungGen      total 9728K, used 9568K [0x00000000d5580000, 0x00000000d6300000, 0x0000000100000000)
  eden space 9216K, 100% used [0x00000000d5580000,0x00000000d5e80000,0x00000000d5e80000)
  from space 512K, 68% used [0x00000000d6280000,0x00000000d62d8000,0x00000000d6300000)
  to   space 512K, 0% used [0x00000000d6200000,0x00000000d6200000,0x00000000d6280000)
 ParOldGen       total 109056K, used 107365K [0x0000000080000000, 0x0000000086a80000, 0x00000000d5580000)
  object space 109056K, 98% used [0x0000000080000000,0x00000000868d96a8,0x0000000086a80000)
 Metaspace       used 66297K, committed 67840K, reserved 1114112K
  class space    used 6999K, committed 7680K, reserved 1048576K
}
Event: 431.657 GC heap after
{Heap after GC invocations=80 (full 3):
 PSYoungGen      total 9728K, used 448K [0x00000000d5580000, 0x00000000d6300000, 0x0000000100000000)
  eden space 9216K, 0% used [0x00000000d5580000,0x00000000d5580000,0x00000000d5e80000)
  from space 512K, 87% used [0x00000000d6200000,0x00000000d6270020,0x00000000d6280000)
  to   space 512K, 0% used [0x00000000d6280000,0x00000000d6280000,0x00000000d6300000)
 ParOldGen       total 109056K, used 107603K [0x0000000080000000, 0x0000000086a80000, 0x00000000d5580000)
  object space 109056K, 98% used [0x0000000080000000,0x0000000086914db8,0x0000000086a80000)
 Metaspace       used 66297K, committed 67840K, reserved 1114112K
  class space    used 6999K, committed 7680K, reserved 1048576K
}
Event: 1200.817 GC heap before
{Heap before GC invocations=81 (full 3):
 PSYoungGen      total 9728K, used 9664K [0x00000000d5580000, 0x00000000d6300000, 0x0000000100000000)
  eden space 9216K, 100% used [0x00000000d5580000,0x00000000d5e80000,0x00000000d5e80000)
  from space 512K, 87% used [0x00000000d6200000,0x00000000d6270020,0x00000000d6280000)
  to   space 512K, 0% used [0x00000000d6280000,0x00000000d6280000,0x00000000d6300000)
 ParOldGen       total 109056K, used 107603K [0x0000000080000000, 0x0000000086a80000, 0x00000000d5580000)
  object space 109056K, 98% used [0x0000000080000000,0x0000000086914db8,0x0000000086a80000)
 Metaspace       used 66351K, committed 67904K, reserved 1114112K
  class space    used 7001K, committed 7680K, reserved 1048576K
}
Event: 1200.923 GC heap after
{Heap after GC invocations=81 (full 3):
 PSYoungGen      total 9728K, used 288K [0x00000000d5580000, 0x00000000d6300000, 0x0000000100000000)
  eden space 9216K, 0% used [0x00000000d5580000,0x00000000d5580000,0x00000000d5e80000)
  from space 512K, 56% used [0x00000000d6280000,0x00000000d62c8000,0x00000000d6300000)
  to   space 512K, 0% used [0x00000000d6200000,0x00000000d6200000,0x00000000d6280000)
 ParOldGen       total 109056K, used 107875K [0x0000000080000000, 0x0000000086a80000, 0x00000000d5580000)
  object space 109056K, 98% used [0x0000000080000000,0x0000000086958de8,0x0000000086a80000)
 Metaspace       used 66351K, committed 67904K, reserved 1114112K
  class space    used 7001K, committed 7680K, reserved 1048576K
}

