# JRE version: OpenJDK Runtime Environment Temurin-21.0.9+10 (21.0.9+10) (build 21.0.9+10-LTS)
# Java VM: OpenJDK 64-Bit Server VM Temurin-21.0.9+10 (21.0.9+10-LTS, mixed mode, sharing, tiered, compressed oops, compressed class ptrs, parallel gc, windows-amd64)
GC Precious Log:
 CardTable entry size: 512
 CPUs: 22 total, 22 available
 Memory: 15828M
 Large Page Support: Disabled
 NUMA Support: Disabled
 Compressed Oops: Enabled (32-bit)
 Alignments: Space 512K, Generation 512K, Heap 2M
 Heap Min Capacity: 100M
 Heap Initial Capacity: 100M
 Heap Max Capacity: 2G
 Pre-touch: Disabled
 Parallel Workers: 16
Heap:
 PSYoungGen      total 22016K, used 1004K [0x00000000d5580000, 0x00000000d6d00000, 0x0000000100000000)
  eden space 20992K, 0% used [0x00000000d5580000,0x00000000d5580000,0x00000000d6a00000)
  from space 1024K, 98% used [0x00000000d6c00000,0x00000000d6cfb2c0,0x00000000d6d00000)
  to   space 1536K, 0% used [0x00000000d6a80000,0x00000000d6a80000,0x00000000d6c00000)
 ParOldGen       total 68608K, used 59592K [0x0000000080000000, 0x0000000084300000, 0x00000000d5580000)
  object space 68608K, 86% used [0x0000000080000000,0x0000000083a322a0,0x0000000084300000)
 Metaspace       used 64255K, committed 65856K, reserved 1114112K
  class space    used 6960K, committed 7616K, reserved 1048576K
GC Heap History (20 events):
Event: 9.255 GC heap before
{Heap before GC invocations=35 (full 2):
 PSYoungGen      total 23040K, used 22708K [0x00000000d5580000, 0x00000000d6e00000, 0x0000000100000000)
  eden space 20992K, 100% used [0x00000000d5580000,0x00000000d6a00000,0x00000000d6a00000)
  from space 2048K, 83% used [0x00000000d6c00000,0x00000000d6dad3c8,0x00000000d6e00000)
  to   space 2048K, 0% used [0x00000000d6a00000,0x00000000d6a00000,0x00000000d6c00000)
 ParOldGen       total 68608K, used 53808K [0x0000000080000000, 0x0000000084300000, 0x00000000d5580000)
  object space 68608K, 78% used [0x0000000080000000,0x000000008348c180,0x0000000084300000)
 Metaspace       used 58030K, committed 59392K, reserved 1114112K
  class space    used 6349K, committed 6912K, reserved 1048576K
}
Event: 9.257 GC heap after
{Heap after GC invocations=35 (full 2):
 PSYoungGen      total 22528K, used 1184K [0x00000000d5580000, 0x00000000d6d00000, 0x0000000100000000)
  eden space 20992K, 0% used [0x00000000d5580000,0x00000000d5580000,0x00000000d6a00000)
  from space 1536K, 77% used [0x00000000d6a00000,0x00000000d6b28000,0x00000000d6b80000)
  to   space 1536K, 0% used [0x00000000d6b80000,0x00000000d6b80000,0x00000000d6d00000)
 ParOldGen       total 68608K, used 55223K [0x0000000080000000, 0x0000000084300000, 0x00000000d5580000)
  object space 68608K, 80% used [0x0000000080000000,0x00000000835edcf0,0x0000000084300000)
 Metaspace       used 58030K, committed 59392K, reserved 1114112K
  class space    used 6349K, committed 6912K, reserved 1048576K
}
Event: 9.504 GC heap before
{Heap before GC invocations=36 (full 2):
 PSYoungGen      total 22528K, used 19444K [0x00000000d5580000, 0x00000000d6d00000, 0x0000000100000000)
  eden space 20992K, 86% used [0x00000000d5580000,0x00000000d6755280,0x00000000d6a00000)
  from space 1536K, 77% used [0x00000000d6a00000,0x00000000d6b28000,0x00000000d6b80000)
  to   space 1536K, 0% used [0x00000000d6b80000,0x00000000d6b80000,0x00000000d6d00000)
 ParOldGen       total 68608K, used 55223K [0x0000000080000000, 0x0000000084300000, 0x00000000d5580000)
  object space 68608K, 80% used [0x0000000080000000,0x00000000835edcf0,0x0000000084300000)
 Metaspace       used 58999K, committed 60352K, reserved 1114112K
  class space    used 6452K, committed 6976K, reserved 1048576K
}
Event: 9.506 GC heap after
{Heap after GC invocations=36 (full 2):
 PSYoungGen      total 22528K, used 1312K [0x00000000d5580000, 0x00000000d6d00000, 0x0000000100000000)
  eden space 20992K, 0% used [0x00000000d5580000,0x00000000d5580000,0x00000000d6a00000)
  from space 1536K, 85% used [0x00000000d6b80000,0x00000000d6cc8010,0x00000000d6d00000)
  to   space 1536K, 0% used [0x00000000d6a00000,0x00000000d6a00000,0x00000000d6b80000)
 ParOldGen       total 68608K, used 56106K [0x0000000080000000, 0x0000000084300000, 0x00000000d5580000)
  object space 68608K, 81% used [0x0000000080000000,0x00000000836cab90,0x0000000084300000)
 Metaspace       used 58999K, committed 60352K, reserved 1114112K
  class space    used 6452K, committed 6976K, reserved 1048576K
}
Event: 9.602 GC heap before
{Heap before GC invocations=37 (full 2):
 PSYoungGen      total 22528K, used 10816K [0x00000000d5580000, 0x00000000d6d00000, 0x0000000100000000)
  eden space 20992K, 45% used [0x00000000d5580000,0x00000000d5ec82a8,0x00000000d6a00000)
  from space 1536K, 85% used [0x00000000d6b80000,0x00000000d6cc8010,0x00000000d6d00000)
  to   space 1536K, 0% used [0x00000000d6a00000,0x00000000d6a00000,0x00000000d6b80000)
 ParOldGen       total 68608K, used 56106K [0x0000000080000000, 0x0000000084300000, 0x00000000d5580000)
  object space 68608K, 81% used [0x0000000080000000,0x00000000836cab90,0x0000000084300000)
 Metaspace       used 59268K, committed 60608K, reserved 1114112K
  class space    used 6484K, committed 7040K, reserved 1048576K
}
Event: 9.604 GC heap after
{Heap after GC invocations=37 (full 2):
 PSYoungGen      total 22528K, used 864K [0x00000000d5580000, 0x00000000d6d00000, 0x0000000100000000)
  eden space 20992K, 0% used [0x00000000d5580000,0x00000000d5580000,0x00000000d6a00000)
  from space 1536K, 56% used [0x00000000d6a00000,0x00000000d6ad8000,0x00000000d6b80000)
  to   space 1536K, 0% used [0x00000000d6b80000,0x00000000d6b80000,0x00000000d6d00000)
 ParOldGen       total 68608K, used 57108K [0x0000000080000000, 0x0000000084300000, 0x00000000d5580000)
  object space 68608K, 83% used [0x0000000080000000,0x00000000837c50e8,0x0000000084300000)
 Metaspace       used 59268K, committed 60608K, reserved 1114112K
  class space    used 6484K, committed 7040K, reserved 1048576K
}
Event: 9.604 GC heap before
{Heap before GC invocations=38 (full 3):
 PSYoungGen      total 22528K, used 864K [0x00000000d5580000, 0x00000000d6d00000, 0x0000000100000000)
  eden space 20992K, 0% used [0x00000000d5580000,0x00000000d5580000,0x00000000d6a00000)
  from space 1536K, 56% used [0x00000000d6a00000,0x00000000d6ad8000,0x00000000d6b80000)
  to   space 1536K, 0% used [0x00000000d6b80000,0x00000000d6b80000,0x00000000d6d00000)
 ParOldGen       total 68608K, used 57108K [0x0000000080000000, 0x0000000084300000, 0x00000000d5580000)
  object space 68608K, 83% used [0x0000000080000000,0x00000000837c50e8,0x0000000084300000)
 Metaspace       used 59268K, committed 60608K, reserved 1114112K
  class space    used 6484K, committed 7040K, reserved 1048576K
}
Event: 9.688 GC heap after
{Heap after GC invocations=38 (full 3):
 PSYoungGen      total 22528K, used 0K [0x00000000d5580000, 0x00000000d6d00000, 0x0000000100000000)
  eden space 20992K, 0% used [0x00000000d5580000,0x00000000d5580000,0x00000000d6a00000)
  from space 1536K, 0% used [0x00000000d6a00000,0x00000000d6a00000,0x00000000d6b80000)
  to   space 1536K, 0% used [0x00000000d6b80000,0x00000000d6b80000,0x00000000d6d00000)
 ParOldGen       total 68608K, used 51838K [0x0000000080000000, 0x0000000084300000, 0x00000000d5580000)
  object space 68608K, 75% used [0x0000000080000000,0x000000008329f850,0x0000000084300000)
 Metaspace       used 59265K, committed 60608K, reserved 1114112K
  class space    used 6483K, committed 7040K, reserved 1048576K
}
Event: 9.917 GC heap before
{Heap before GC invocations=39 (full 3):
 PSYoungGen      total 22528K, used 20992K [0x00000000d5580000, 0x00000000d6d00000, 0x0000000100000000)
  eden space 20992K, 100% used [0x00000000d5580000,0x00000000d6a00000,0x00000000d6a00000)
  from space 1536K, 0% used [0x00000000d6a00000,0x00000000d6a00000,0x00000000d6b80000)
  to   space 1536K, 0% used [0x00000000d6b80000,0x00000000d6b80000,0x00000000d6d00000)
 ParOldGen       total 68608K, used 51838K [0x0000000080000000, 0x0000000084300000, 0x00000000d5580000)
  object space 68608K, 75% used [0x0000000080000000,0x000000008329f850,0x0000000084300000)
 Metaspace       used 60301K, committed 61696K, reserved 1114112K
  class space    used 6602K, committed 7168K, reserved 1048576K
}
Event: 9.918 GC heap after
{Heap after GC invocations=39 (full 3):
 PSYoungGen      total 22528K, used 1134K [0x00000000d5580000, 0x00000000d6d00000, 0x0000000100000000)
  eden space 20992K, 0% used [0x00000000d5580000,0x00000000d5580000,0x00000000d6a00000)
  from space 1536K, 73% used [0x00000000d6b80000,0x00000000d6c9bb98,0x00000000d6d00000)
  to   space 1536K, 0% used [0x00000000d6a00000,0x00000000d6a00000,0x00000000d6b80000)
 ParOldGen       total 68608K, used 51846K [0x0000000080000000, 0x0000000084300000, 0x00000000d5580000)
  object space 68608K, 75% used [0x0000000080000000,0x00000000832a1850,0x0000000084300000)
 Metaspace       used 60301K, committed 61696K, reserved 1114112K
  class space    used 6602K, committed 7168K, reserved 1048576K
}
Event: 10.046 GC heap before
{Heap before GC invocations=40 (full 3):
 PSYoungGen      total 22528K, used 22126K [0x00000000d5580000, 0x00000000d6d00000, 0x0000000100000000)
  eden space 20992K, 99% used [0x00000000d5580000,0x00000000d69fffe8,0x00000000d6a00000)
  from space 1536K, 73% used [0x00000000d6b80000,0x00000000d6c9bb98,0x00000000d6d00000)
  to   space 1536K, 0% used [0x00000000d6a00000,0x00000000d6a00000,0x00000000d6b80000)
 ParOldGen       total 68608K, used 51846K [0x0000000080000000, 0x0000000084300000, 0x00000000d5580000)
  object space 68608K, 75% used [0x0000000080000000,0x00000000832a1850,0x0000000084300000)
 Metaspace       used 61097K, committed 62464K, reserved 1114112K
  class space    used 6653K, committed 7232K, reserved 1048576K
}
Event: 10.049 GC heap after
{Heap after GC invocations=40 (full 3):
 PSYoungGen      total 22528K, used 1536K [0x00000000d5580000, 0x00000000d7100000, 0x0000000100000000)
  eden space 20992K, 0% used [0x00000000d5580000,0x00000000d5580000,0x00000000d6a00000)
  from space 1536K, 100% used [0x00000000d6a00000,0x00000000d6b80000,0x00000000d6b80000)
  to   space 3584K, 0% used [0x00000000d6d80000,0x00000000d6d80000,0x00000000d7100000)
 ParOldGen       total 68608K, used 53168K [0x0000000080000000, 0x0000000084300000, 0x00000000d5580000)
  object space 68608K, 77% used [0x0000000080000000,0x00000000833ec2b0,0x0000000084300000)
 Metaspace       used 61097K, committed 62464K, reserved 1114112K
  class space    used 6653K, committed 7232K, reserved 1048576K
}
Event: 10.261 GC heap before
{Heap before GC invocations=41 (full 3):
 PSYoungGen      total 22528K, used 22528K [0x00000000d5580000, 0x00000000d7100000, 0x0000000100000000)
  eden space 20992K, 100% used [0x00000000d5580000,0x00000000d6a00000,0x00000000d6a00000)
  from space 1536K, 100% used [0x00000000d6a00000,0x00000000d6b80000,0x00000000d6b80000)
  to   space 3584K, 0% used [0x00000000d6d80000,0x00000000d6d80000,0x00000000d7100000)
 ParOldGen       total 68608K, used 53168K [0x0000000080000000, 0x0000000084300000, 0x00000000d5580000)
  object space 68608K, 77% used [0x0000000080000000,0x00000000833ec2b0,0x0000000084300000)
 Metaspace       used 61591K, committed 62976K, reserved 1114112K
  class space    used 6711K, committed 7296K, reserved 1048576K
}
Event: 10.263 GC heap after
{Heap after GC invocations=41 (full 3):
 PSYoungGen      total 23040K, used 1600K [0x00000000d5580000, 0x00000000d6f80000, 0x0000000100000000)
  eden space 20992K, 0% used [0x00000000d5580000,0x00000000d5580000,0x00000000d6a00000)
  from space 2048K, 78% used [0x00000000d6d80000,0x00000000d6f10000,0x00000000d6f80000)
  to   space 2560K, 0% used [0x00000000d6a80000,0x00000000d6a80000,0x00000000d6d00000)
 ParOldGen       total 68608K, used 54627K [0x0000000080000000, 0x0000000084300000, 0x00000000d5580000)
  object space 68608K, 79% used [0x0000000080000000,0x0000000083558ff0,0x0000000084300000)
 Metaspace       used 61591K, committed 62976K, reserved 1114112K
  class space    used 6711K, committed 7296K, reserved 1048576K
}
Event: 10.360 GC heap before
{Heap before GC invocations=42 (full 3):
 PSYoungGen      total 23040K, used 22592K [0x00000000d5580000, 0x00000000d6f80000, 0x0000000100000000)
  eden space 20992K, 100% used [0x00000000d5580000,0x00000000d6a00000,0x00000000d6a00000)
  from space 2048K, 78% used [0x00000000d6d80000,0x00000000d6f10000,0x00000000d6f80000)
  to   space 2560K, 0% used [0x00000000d6a80000,0x00000000d6a80000,0x00000000d6d00000)
 ParOldGen       total 68608K, used 54627K [0x0000000080000000, 0x0000000084300000, 0x00000000d5580000)
  object space 68608K, 79% used [0x0000000080000000,0x0000000083558ff0,0x0000000084300000)
 Metaspace       used 61818K, committed 63232K, reserved 1114112K
  class space    used 6741K, committed 7296K, reserved 1048576K
}
Event: 10.363 GC heap after
{Heap after GC invocations=42 (full 3):
 PSYoungGen      total 23040K, used 2032K [0x00000000d5580000, 0x00000000d6f00000, 0x0000000100000000)
  eden space 20992K, 0% used [0x00000000d5580000,0x00000000d5580000,0x00000000d6a00000)
  from space 2048K, 99% used [0x00000000d6a80000,0x00000000d6c7c030,0x00000000d6c80000)
  to   space 2560K, 0% used [0x00000000d6c80000,0x00000000d6c80000,0x00000000d6f00000)
 ParOldGen       total 68608K, used 56042K [0x0000000080000000, 0x0000000084300000, 0x00000000d5580000)
  object space 68608K, 81% used [0x0000000080000000,0x00000000836baa88,0x0000000084300000)
 Metaspace       used 61818K, committed 63232K, reserved 1114112K
  class space    used 6741K, committed 7296K, reserved 1048576K
}
Event: 10.441 GC heap before
{Heap before GC invocations=43 (full 3):
 PSYoungGen      total 23040K, used 23024K [0x00000000d5580000, 0x00000000d6f00000, 0x0000000100000000)
  eden space 20992K, 100% used [0x00000000d5580000,0x00000000d6a00000,0x00000000d6a00000)
  from space 2048K, 99% used [0x00000000d6a80000,0x00000000d6c7c030,0x00000000d6c80000)
  to   space 2560K, 0% used [0x00000000d6c80000,0x00000000d6c80000,0x00000000d6f00000)
 ParOldGen       total 68608K, used 56042K [0x0000000080000000, 0x0000000084300000, 0x00000000d5580000)
  object space 68608K, 81% used [0x0000000080000000,0x00000000836baa88,0x0000000084300000)
 Metaspace       used 61896K, committed 63296K, reserved 1114112K
  class space    used 6745K, committed 7296K, reserved 1048576K
}
Event: 10.444 GC heap after
{Heap after GC invocations=43 (full 3):
 PSYoungGen      total 23040K, used 1712K [0x00000000d5580000, 0x00000000d6e80000, 0x0000000100000000)
  eden space 20992K, 0% used [0x00000000d5580000,0x00000000d5580000,0x00000000d6a00000)
  from space 2048K, 83% used [0x00000000d6c80000,0x00000000d6e2c010,0x00000000d6e80000)
  to   space 2048K, 0% used [0x00000000d6a80000,0x00000000d6a80000,0x00000000d6c80000)
 ParOldGen       total 68608K, used 56985K [0x0000000080000000, 0x0000000084300000, 0x00000000d5580000)
  object space 68608K, 83% used [0x0000000080000000,0x00000000837a67a8,0x0000000084300000)
 Metaspace       used 61896K, committed 63296K, reserved 1114112K
  class space    used 6745K, committed 7296K, reserved 1048576K
}
Event: 10.711 GC heap before
{Heap before GC invocations=44 (full 3):
 PSYoungGen      total 23040K, used 22704K [0x00000000d5580000, 0x00000000d6e80000, 0x0000000100000000)
  eden space 20992K, 100% used [0x00000000d5580000,0x00000000d6a00000,0x00000000d6a00000)
  from space 2048K, 83% used [0x00000000d6c80000,0x00000000d6e2c010,0x00000000d6e80000)
  to   space 2048K, 0% used [0x00000000d6a80000,0x00000000d6a80000,0x00000000d6c80000)
 ParOldGen       total 68608K, used 56985K [0x0000000080000000, 0x0000000084300000, 0x00000000d5580000)
  object space 68608K, 83% used [0x0000000080000000,0x00000000837a67a8,0x0000000084300000)
 Metaspace       used 62837K, committed 64320K, reserved 1114112K
  class space    used 6823K, committed 7424K, reserved 1048576K
}
Event: 10.713 GC heap after
{Heap after GC invocations=44 (full 3):
 PSYoungGen      total 22528K, used 1184K [0x00000000d5580000, 0x00000000d6d00000, 0x0000000100000000)
  eden space 20992K, 0% used [0x00000000d5580000,0x00000000d5580000,0x00000000d6a00000)
  from space 1536K, 77% used [0x00000000d6a80000,0x00000000d6ba8000,0x00000000d6c00000)
  to   space 1024K, 0% used [0x00000000d6c00000,0x00000000d6c00000,0x00000000d6d00000)
 ParOldGen       total 68608K, used 58217K [0x0000000080000000, 0x0000000084300000, 0x00000000d5580000)
  object space 68608K, 84% used [0x0000000080000000,0x00000000838da7a8,0x0000000084300000)
 Metaspace       used 62837K, committed 64320K, reserved 1114112K
  class space    used 6823K, committed 7424K, reserved 1048576K
}

