# JRE version: Java(TM) SE Runtime Environment (21.0.1+12) (build 21.0.1+12-LTS-29)
# Java VM: Java HotSpot(TM) 64-Bit Server VM (21.0.1+12-LTS-29, mixed mode, emulated-client, sharing, tiered, compressed oops, compressed class ptrs, g1 gc, windows-amd64)
GC Precious Log:
 CardTable entry size: 512
 Card Set container configuration: InlinePtr #cards 5 size 8 Array Of Cards #cards 12 size 40 Howl #buckets 4 coarsen threshold 1843 Howl Bitmap #cards 512 size 80 coarsen threshold 460 Card regions per heap region 1 cards per card region 2048
 CPUs: 8 total, 8 available
 Memory: 7413M
 Large Page Support: Disabled
 NUMA Support: Disabled
 Compressed Oops: Enabled (32-bit)
 Heap Region Size: 1M
 Heap Min Capacity: 8M
 Heap Initial Capacity: 116M
 Heap Max Capacity: 1854M
 Pre-touch: Disabled
 Parallel Workers: 8
 Concurrent Workers: 2
 Concurrent Refinement Workers: 8
 Periodic GC: Disabled
Heap:
 garbage-first heap   total 71680K, used 36361K [0x000000008c200000, 0x0000000100000000)
  region size 1024K, 21 young (21504K), 5 survivors (5120K)
 Metaspace       used 49313K, committed 49856K, reserved 1114112K
  class space    used 7022K, committed 7232K, reserved 1048576K
GC Heap History (14 events):
Event: 0.504 GC heap before
{Heap before GC invocations=0 (full 0):
 garbage-first heap   total 118784K, used 23552K [0x000000008c200000, 0x0000000100000000)
  region size 1024K, 23 young (23552K), 0 survivors (0K)
 Metaspace       used 5679K, committed 5888K, reserved 1114112K
  class space    used 762K, committed 832K, reserved 1048576K
}
Event: 0.510 GC heap after
{Heap after GC invocations=1 (full 0):
 garbage-first heap   total 118784K, used 7168K [0x000000008c200000, 0x0000000100000000)
  region size 1024K, 3 young (3072K), 3 survivors (3072K)
 Metaspace       used 5679K, committed 5888K, reserved 1114112K
  class space    used 762K, committed 832K, reserved 1048576K
}
Event: 0.900 GC heap before
{Heap before GC invocations=1 (full 0):
 garbage-first heap   total 118784K, used 35840K [0x000000008c200000, 0x0000000100000000)
  region size 1024K, 31 young (31744K), 3 survivors (3072K)
 Metaspace       used 12215K, committed 12544K, reserved 1114112K
  class space    used 1789K, committed 1920K, reserved 1048576K
}
Event: 0.906 GC heap after
{Heap after GC invocations=2 (full 0):
 garbage-first heap   total 118784K, used 9444K [0x000000008c200000, 0x0000000100000000)
  region size 1024K, 3 young (3072K), 3 survivors (3072K)
 Metaspace       used 12215K, committed 12544K, reserved 1114112K
  class space    used 1789K, committed 1920K, reserved 1048576K
}
Event: 3.211 GC heap before
{Heap before GC invocations=2 (full 0):
 garbage-first heap   total 118784K, used 54500K [0x000000008c200000, 0x0000000100000000)
  region size 1024K, 49 young (50176K), 3 survivors (3072K)
 Metaspace       used 19495K, committed 19776K, reserved 1114112K
  class space    used 2689K, committed 2816K, reserved 1048576K
}
Event: 3.219 GC heap after
{Heap after GC invocations=3 (full 0):
 garbage-first heap   total 118784K, used 13967K [0x000000008c200000, 0x0000000100000000)
  region size 1024K, 7 young (7168K), 7 survivors (7168K)
 Metaspace       used 19495K, committed 19776K, reserved 1114112K
  class space    used 2689K, committed 2816K, reserved 1048576K
}
Event: 4.091 GC heap before
{Heap before GC invocations=4 (full 0):
 garbage-first heap   total 55296K, used 53903K [0x000000008c200000, 0x0000000100000000)
  region size 1024K, 46 young (47104K), 7 survivors (7168K)
 Metaspace       used 25715K, committed 26240K, reserved 1114112K
  class space    used 3675K, committed 3904K, reserved 1048576K
}
Event: 4.105 GC heap after
{Heap after GC invocations=5 (full 0):
 garbage-first heap   total 65536K, used 17385K [0x000000008c200000, 0x0000000100000000)
  region size 1024K, 8 young (8192K), 8 survivors (8192K)
 Metaspace       used 25715K, committed 26240K, reserved 1114112K
  class space    used 3675K, committed 3904K, reserved 1048576K
}
Event: 4.593 GC heap before
{Heap before GC invocations=5 (full 0):
 garbage-first heap   total 65536K, used 48105K [0x000000008c200000, 0x0000000100000000)
  region size 1024K, 38 young (38912K), 8 survivors (8192K)
 Metaspace       used 32046K, committed 32640K, reserved 1114112K
  class space    used 4487K, committed 4736K, reserved 1048576K
}
Event: 4.598 GC heap after
{Heap after GC invocations=6 (full 0):
 garbage-first heap   total 65536K, used 19702K [0x000000008c200000, 0x0000000100000000)
  region size 1024K, 3 young (3072K), 3 survivors (3072K)
 Metaspace       used 32046K, committed 32640K, reserved 1114112K
  class space    used 4487K, committed 4736K, reserved 1048576K
}
Event: 4.614 GC heap before
{Heap before GC invocations=6 (full 0):
 garbage-first heap   total 65536K, used 20726K [0x000000008c200000, 0x0000000100000000)
  region size 1024K, 5 young (5120K), 3 survivors (3072K)
 Metaspace       used 32424K, committed 32960K, reserved 1114112K
  class space    used 4544K, committed 4800K, reserved 1048576K
}
Event: 4.617 GC heap after
{Heap after GC invocations=7 (full 0):
 garbage-first heap   total 78848K, used 19515K [0x000000008c200000, 0x0000000100000000)
  region size 1024K, 3 young (3072K), 3 survivors (3072K)
 Metaspace       used 32424K, committed 32960K, reserved 1114112K
  class space    used 4544K, committed 4800K, reserved 1048576K
}
Event: 5.509 GC heap before
{Heap before GC invocations=8 (full 0):
 garbage-first heap   total 71680K, used 59451K [0x000000008c200000, 0x0000000100000000)
  region size 1024K, 42 young (43008K), 3 survivors (3072K)
 Metaspace       used 43889K, committed 44480K, reserved 1114112K
  class space    used 6134K, committed 6400K, reserved 1048576K
}
Event: 5.512 GC heap after
{Heap after GC invocations=9 (full 0):
 garbage-first heap   total 71680K, used 22025K [0x000000008c200000, 0x0000000100000000)
  region size 1024K, 5 young (5120K), 5 survivors (5120K)
 Metaspace       used 43889K, committed 44480K, reserved 1114112K
  class space    used 6134K, committed 6400K, reserved 1048576K
}

