# JRE version: OpenJDK Runtime Environment Temurin-21.0.9+10 (21.0.9+10) (build 21.0.9+10-LTS)
# Java VM: OpenJDK 64-Bit Server VM Temurin-21.0.9+10 (21.0.9+10-LTS, mixed mode, sharing, tiered, compressed oops, compressed class ptrs, parallel gc, windows-amd64)
GC Precious Log:
 CardTable entry size: 512
 CPUs: 8 total, 8 available
 Memory: 7413M
 Large Page Support: Disabled
 NUMA Support: Disabled
 Compressed Oops: Enabled (32-bit)
 Alignments: Space 512K, Generation 512K, Heap 2M
 Heap Min Capacity: 100M
 Heap Initial Capacity: 100M
 Heap Max Capacity: 2G
 Pre-touch: Disabled
 Parallel Workers: 8
Heap:
 PSYoungGen      total 4096K, used 3333K [0x00000000d5580000, 0x00000000d5a80000, 0x0000000100000000)
  eden space 3072K, 82% used [0x00000000d5580000,0x00000000d57f9518,0x00000000d5880000)
  from space 1024K, 78% used [0x00000000d5880000,0x00000000d5948000,0x00000000d5980000)
  to   space 1024K, 0% used [0x00000000d5980000,0x00000000d5980000,0x00000000d5a80000)
 ParOldGen       total 281088K, used 280661K [0x0000000080000000, 0x0000000091280000, 0x00000000d5580000)
  object space 281088K, 99% used [0x0000000080000000,0x0000000091215520,0x0000000091280000)
 Metaspace       used 64666K, committed 66176K, reserved 1114112K
  class space    used 6817K, committed 7488K, reserved 1048576K
GC Heap History (20 events):
Event: 625.515 GC heap before
{Heap before GC invocations=176 (full 3):
 PSYoungGen      total 3584K, used 3296K [0x00000000d5580000, 0x00000000d5a80000, 0x0000000100000000)
  eden space 3072K, 100% used [0x00000000d5580000,0x00000000d5880000,0x00000000d5880000)
  from space 512K, 43% used [0x00000000d5a00000,0x00000000d5a38000,0x00000000d5a80000)
  to   space 512K, 0% used [0x00000000d5880000,0x00000000d5880000,0x00000000d5900000)
 ParOldGen       total 278016K, used 277566K [0x0000000080000000, 0x0000000090f80000, 0x00000000d5580000)
  object space 278016K, 99% used [0x0000000080000000,0x0000000090f0f918,0x0000000090f80000)
 Metaspace       used 64417K, committed 65856K, reserved 1114112K
  class space    used 6803K, committed 7424K, reserved 1048576K
}
Event: 625.516 GC heap after
{Heap after GC invocations=176 (full 3):
 PSYoungGen      total 3584K, used 319K [0x00000000d5580000, 0x00000000d5a80000, 0x0000000100000000)
  eden space 3072K, 0% used [0x00000000d5580000,0x00000000d5580000,0x00000000d5880000)
  from space 512K, 62% used [0x00000000d5880000,0x00000000d58cff70,0x00000000d5900000)
  to   space 512K, 0% used [0x00000000d5a00000,0x00000000d5a00000,0x00000000d5a80000)
 ParOldGen       total 278016K, used 277694K [0x0000000080000000, 0x0000000090f80000, 0x00000000d5580000)
  object space 278016K, 99% used [0x0000000080000000,0x0000000090f2f918,0x0000000090f80000)
 Metaspace       used 64417K, committed 65856K, reserved 1114112K
  class space    used 6803K, committed 7424K, reserved 1048576K
}
Event: 625.526 GC heap before
{Heap before GC invocations=177 (full 3):
 PSYoungGen      total 3584K, used 3391K [0x00000000d5580000, 0x00000000d5a80000, 0x0000000100000000)
  eden space 3072K, 100% used [0x00000000d5580000,0x00000000d5880000,0x00000000d5880000)
  from space 512K, 62% used [0x00000000d5880000,0x00000000d58cff70,0x00000000d5900000)
  to   space 512K, 0% used [0x00000000d5a00000,0x00000000d5a00000,0x00000000d5a80000)
 ParOldGen       total 278016K, used 277694K [0x0000000080000000, 0x0000000090f80000, 0x00000000d5580000)
  object space 278016K, 99% used [0x0000000080000000,0x0000000090f2f918,0x0000000090f80000)
 Metaspace       used 64424K, committed 65920K, reserved 1114112K
  class space    used 6803K, committed 7424K, reserved 1048576K
}
Event: 625.527 GC heap after
{Heap after GC invocations=177 (full 3):
 PSYoungGen      total 3584K, used 290K [0x00000000d5580000, 0x00000000d5a80000, 0x0000000100000000)
  eden space 3072K, 0% used [0x00000000d5580000,0x00000000d5580000,0x00000000d5880000)
  from space 512K, 56% used [0x00000000d5a00000,0x00000000d5a48960,0x00000000d5a80000)
  to   space 512K, 0% used [0x00000000d5880000,0x00000000d5880000,0x00000000d5900000)
 ParOldGen       total 278016K, used 277846K [0x0000000080000000, 0x0000000090f80000, 0x00000000d5580000)
  object space 278016K, 99% used [0x0000000080000000,0x0000000090f55888,0x0000000090f80000)
 Metaspace       used 64424K, committed 65920K, reserved 1114112K
  class space    used 6803K, committed 7424K, reserved 1048576K
}
Event: 625.532 GC heap before
{Heap before GC invocations=178 (full 3):
 PSYoungGen      total 3584K, used 3362K [0x00000000d5580000, 0x00000000d5a80000, 0x0000000100000000)
  eden space 3072K, 100% used [0x00000000d5580000,0x00000000d5880000,0x00000000d5880000)
  from space 512K, 56% used [0x00000000d5a00000,0x00000000d5a48960,0x00000000d5a80000)
  to   space 512K, 0% used [0x00000000d5880000,0x00000000d5880000,0x00000000d5900000)
 ParOldGen       total 278016K, used 277846K [0x0000000080000000, 0x0000000090f80000, 0x00000000d5580000)
  object space 278016K, 99% used [0x0000000080000000,0x0000000090f55888,0x0000000090f80000)
 Metaspace       used 64424K, committed 65920K, reserved 1114112K
  class space    used 6803K, committed 7424K, reserved 1048576K
}
Event: 625.533 GC heap after
{Heap after GC invocations=178 (full 3):
 PSYoungGen      total 3584K, used 347K [0x00000000d5580000, 0x00000000d5a80000, 0x0000000100000000)
  eden space 3072K, 0% used [0x00000000d5580000,0x00000000d5580000,0x00000000d5880000)
  from space 512K, 67% used [0x00000000d5880000,0x00000000d58d6d88,0x00000000d5900000)
  to   space 512K, 0% used [0x00000000d5a00000,0x00000000d5a00000,0x00000000d5a80000)
 ParOldGen       total 278528K, used 278056K [0x0000000080000000, 0x0000000091000000, 0x00000000d5580000)
  object space 278528K, 99% used [0x0000000080000000,0x0000000090f8a078,0x0000000091000000)
 Metaspace       used 64424K, committed 65920K, reserved 1114112K
  class space    used 6803K, committed 7424K, reserved 1048576K
}
Event: 625.539 GC heap before
{Heap before GC invocations=179 (full 3):
 PSYoungGen      total 3584K, used 3419K [0x00000000d5580000, 0x00000000d5a80000, 0x0000000100000000)
  eden space 3072K, 100% used [0x00000000d5580000,0x00000000d5880000,0x00000000d5880000)
  from space 512K, 67% used [0x00000000d5880000,0x00000000d58d6d88,0x00000000d5900000)
  to   space 512K, 0% used [0x00000000d5a00000,0x00000000d5a00000,0x00000000d5a80000)
 ParOldGen       total 278528K, used 278056K [0x0000000080000000, 0x0000000091000000, 0x00000000d5580000)
  object space 278528K, 99% used [0x0000000080000000,0x0000000090f8a078,0x0000000091000000)
 Metaspace       used 64424K, committed 65920K, reserved 1114112K
  class space    used 6803K, committed 7424K, reserved 1048576K
}
Event: 625.540 GC heap after
{Heap after GC invocations=179 (full 3):
 PSYoungGen      total 3584K, used 242K [0x00000000d5580000, 0x00000000d5a80000, 0x0000000100000000)
  eden space 3072K, 0% used [0x00000000d5580000,0x00000000d5580000,0x00000000d5880000)
  from space 512K, 47% used [0x00000000d5a00000,0x00000000d5a3c8a0,0x00000000d5a80000)
  to   space 512K, 0% used [0x00000000d5880000,0x00000000d5880000,0x00000000d5900000)
 ParOldGen       total 278528K, used 278251K [0x0000000080000000, 0x0000000091000000, 0x00000000d5580000)
  object space 278528K, 99% used [0x0000000080000000,0x0000000090fbae20,0x0000000091000000)
 Metaspace       used 64424K, committed 65920K, reserved 1114112K
  class space    used 6803K, committed 7424K, reserved 1048576K
}
Event: 625.547 GC heap before
{Heap before GC invocations=180 (full 3):
 PSYoungGen      total 3584K, used 3314K [0x00000000d5580000, 0x00000000d5a80000, 0x0000000100000000)
  eden space 3072K, 100% used [0x00000000d5580000,0x00000000d5880000,0x00000000d5880000)
  from space 512K, 47% used [0x00000000d5a00000,0x00000000d5a3c8a0,0x00000000d5a80000)
  to   space 512K, 0% used [0x00000000d5880000,0x00000000d5880000,0x00000000d5900000)
 ParOldGen       total 278528K, used 278251K [0x0000000080000000, 0x0000000091000000, 0x00000000d5580000)
  object space 278528K, 99% used [0x0000000080000000,0x0000000090fbae20,0x0000000091000000)
 Metaspace       used 64424K, committed 65920K, reserved 1114112K
  class space    used 6803K, committed 7424K, reserved 1048576K
}
Event: 625.548 GC heap after
{Heap after GC invocations=180 (full 3):
 PSYoungGen      total 3584K, used 327K [0x00000000d5580000, 0x00000000d5a80000, 0x0000000100000000)
  eden space 3072K, 0% used [0x00000000d5580000,0x00000000d5580000,0x00000000d5880000)
  from space 512K, 63% used [0x00000000d5880000,0x00000000d58d1c30,0x00000000d5900000)
  to   space 512K, 0% used [0x00000000d5a00000,0x00000000d5a00000,0x00000000d5a80000)
 ParOldGen       total 278528K, used 278429K [0x0000000080000000, 0x0000000091000000, 0x00000000d5580000)
  object space 278528K, 99% used [0x0000000080000000,0x0000000090fe76c0,0x0000000091000000)
 Metaspace       used 64424K, committed 65920K, reserved 1114112K
  class space    used 6803K, committed 7424K, reserved 1048576K
}
Event: 625.565 GC heap before
{Heap before GC invocations=181 (full 3):
 PSYoungGen      total 3584K, used 3399K [0x00000000d5580000, 0x00000000d5a80000, 0x0000000100000000)
  eden space 3072K, 100% used [0x00000000d5580000,0x00000000d5880000,0x00000000d5880000)
  from space 512K, 63% used [0x00000000d5880000,0x00000000d58d1c30,0x00000000d5900000)
  to   space 512K, 0% used [0x00000000d5a00000,0x00000000d5a00000,0x00000000d5a80000)
 ParOldGen       total 278528K, used 278429K [0x0000000080000000, 0x0000000091000000, 0x00000000d5580000)
  object space 278528K, 99% used [0x0000000080000000,0x0000000090fe76c0,0x0000000091000000)
 Metaspace       used 64425K, committed 65920K, reserved 1114112K
  class space    used 6803K, committed 7424K, reserved 1048576K
}
Event: 625.567 GC heap after
{Heap after GC invocations=181 (full 3):
 PSYoungGen      total 3584K, used 256K [0x00000000d5580000, 0x00000000d5a80000, 0x0000000100000000)
  eden space 3072K, 0% used [0x00000000d5580000,0x00000000d5580000,0x00000000d5880000)
  from space 512K, 50% used [0x00000000d5a00000,0x00000000d5a40000,0x00000000d5a80000)
  to   space 512K, 0% used [0x00000000d5880000,0x00000000d5880000,0x00000000d5900000)
 ParOldGen       total 280064K, used 279417K [0x0000000080000000, 0x0000000091180000, 0x00000000d5580000)
  object space 280064K, 99% used [0x0000000080000000,0x00000000910de790,0x0000000091180000)
 Metaspace       used 64425K, committed 65920K, reserved 1114112K
  class space    used 6803K, committed 7424K, reserved 1048576K
}
Event: 625.574 GC heap before
{Heap before GC invocations=182 (full 3):
 PSYoungGen      total 3584K, used 3328K [0x00000000d5580000, 0x00000000d5a80000, 0x0000000100000000)
  eden space 3072K, 100% used [0x00000000d5580000,0x00000000d5880000,0x00000000d5880000)
  from space 512K, 50% used [0x00000000d5a00000,0x00000000d5a40000,0x00000000d5a80000)
  to   space 512K, 0% used [0x00000000d5880000,0x00000000d5880000,0x00000000d5900000)
 ParOldGen       total 280064K, used 279417K [0x0000000080000000, 0x0000000091180000, 0x00000000d5580000)
  object space 280064K, 99% used [0x0000000080000000,0x00000000910de790,0x0000000091180000)
 Metaspace       used 64432K, committed 65920K, reserved 1114112K
  class space    used 6803K, committed 7424K, reserved 1048576K
}
Event: 625.575 GC heap after
{Heap after GC invocations=182 (full 3):
 PSYoungGen      total 3584K, used 352K [0x00000000d5580000, 0x00000000d5a80000, 0x0000000100000000)
  eden space 3072K, 0% used [0x00000000d5580000,0x00000000d5580000,0x00000000d5880000)
  from space 512K, 68% used [0x00000000d5880000,0x00000000d58d8288,0x00000000d5900000)
  to   space 512K, 0% used [0x00000000d5a00000,0x00000000d5a00000,0x00000000d5a80000)
 ParOldGen       total 280064K, used 279560K [0x0000000080000000, 0x0000000091180000, 0x00000000d5580000)
  object space 280064K, 99% used [0x0000000080000000,0x0000000091102200,0x0000000091180000)
 Metaspace       used 64432K, committed 65920K, reserved 1114112K
  class space    used 6803K, committed 7424K, reserved 1048576K
}
Event: 625.583 GC heap before
{Heap before GC invocations=183 (full 3):
 PSYoungGen      total 3584K, used 3424K [0x00000000d5580000, 0x00000000d5a80000, 0x0000000100000000)
  eden space 3072K, 100% used [0x00000000d5580000,0x00000000d5880000,0x00000000d5880000)
  from space 512K, 68% used [0x00000000d5880000,0x00000000d58d8288,0x00000000d5900000)
  to   space 512K, 0% used [0x00000000d5a00000,0x00000000d5a00000,0x00000000d5a80000)
 ParOldGen       total 280064K, used 279560K [0x0000000080000000, 0x0000000091180000, 0x00000000d5580000)
  object space 280064K, 99% used [0x0000000080000000,0x0000000091102200,0x0000000091180000)
 Metaspace       used 64433K, committed 65920K, reserved 1114112K
  class space    used 6803K, committed 7424K, reserved 1048576K
}
Event: 625.584 GC heap after
{Heap after GC invocations=183 (full 3):
 PSYoungGen      total 3584K, used 288K [0x00000000d5580000, 0x00000000d5a80000, 0x0000000100000000)
  eden space 3072K, 0% used [0x00000000d5580000,0x00000000d5580000,0x00000000d5880000)
  from space 512K, 56% used [0x00000000d5a00000,0x00000000d5a48000,0x00000000d5a80000)
  to   space 512K, 0% used [0x00000000d5880000,0x00000000d5880000,0x00000000d5900000)
 ParOldGen       total 280064K, used 279754K [0x0000000080000000, 0x0000000091180000, 0x00000000d5580000)
  object space 280064K, 99% used [0x0000000080000000,0x0000000091132ad8,0x0000000091180000)
 Metaspace       used 64433K, committed 65920K, reserved 1114112K
  class space    used 6803K, committed 7424K, reserved 1048576K
}
Event: 625.589 GC heap before
{Heap before GC invocations=184 (full 3):
 PSYoungGen      total 3584K, used 3360K [0x00000000d5580000, 0x00000000d5a80000, 0x0000000100000000)
  eden space 3072K, 100% used [0x00000000d5580000,0x00000000d5880000,0x00000000d5880000)
  from space 512K, 56% used [0x00000000d5a00000,0x00000000d5a48000,0x00000000d5a80000)
  to   space 512K, 0% used [0x00000000d5880000,0x00000000d5880000,0x00000000d5900000)
 ParOldGen       total 280064K, used 279754K [0x0000000080000000, 0x0000000091180000, 0x00000000d5580000)
  object space 280064K, 99% used [0x0000000080000000,0x0000000091132ad8,0x0000000091180000)
 Metaspace       used 64433K, committed 65920K, reserved 1114112K
  class space    used 6803K, committed 7424K, reserved 1048576K
}
Event: 625.590 GC heap after
{Heap after GC invocations=184 (full 3):
 PSYoungGen      total 3584K, used 306K [0x00000000d5580000, 0x00000000d5a80000, 0x0000000100000000)
  eden space 3072K, 0% used [0x00000000d5580000,0x00000000d5580000,0x00000000d5880000)
  from space 512K, 59% used [0x00000000d5880000,0x00000000d58cc9d8,0x00000000d5900000)
  to   space 512K, 0% used [0x00000000d5a00000,0x00000000d5a00000,0x00000000d5a80000)
 ParOldGen       total 280064K, used 279916K [0x0000000080000000, 0x0000000091180000, 0x00000000d5580000)
  object space 280064K, 99% used [0x0000000080000000,0x000000009115b040,0x0000000091180000)
 Metaspace       used 64433K, committed 65920K, reserved 1114112K
  class space    used 6803K, committed 7424K, reserved 1048576K
}
Event: 625.664 GC heap before
{Heap before GC invocations=185 (full 3):
 PSYoungGen      total 3584K, used 3378K [0x00000000d5580000, 0x00000000d5a80000, 0x0000000100000000)
  eden space 3072K, 100% used [0x00000000d5580000,0x00000000d5880000,0x00000000d5880000)
  from space 512K, 59% used [0x00000000d5880000,0x00000000d58cc9d8,0x00000000d5900000)
  to   space 512K, 0% used [0x00000000d5a00000,0x00000000d5a00000,0x00000000d5a80000)
 ParOldGen       total 280064K, used 279916K [0x0000000080000000, 0x0000000091180000, 0x00000000d5580000)
  object space 280064K, 99% used [0x0000000080000000,0x000000009115b040,0x0000000091180000)
 Metaspace       used 64479K, committed 65920K, reserved 1114112K
  class space    used 6810K, committed 7424K, reserved 1048576K
}
Event: 625.665 GC heap after
{Heap after GC invocations=185 (full 3):
 PSYoungGen      total 3584K, used 512K [0x00000000d5580000, 0x00000000d5a80000, 0x0000000100000000)
  eden space 3072K, 0% used [0x00000000d5580000,0x00000000d5580000,0x00000000d5880000)
  from space 512K, 100% used [0x00000000d5a00000,0x00000000d5a80000,0x00000000d5a80000)
  to   space 1024K, 0% used [0x00000000d5880000,0x00000000d5880000,0x00000000d5980000)
 ParOldGen       total 280576K, used 280125K [0x0000000080000000, 0x0000000091200000, 0x00000000d5580000)
  object space 280576K, 99% used [0x0000000080000000,0x000000009118f520,0x0000000091200000)
 Metaspace       used 64479K, committed 65920K, reserved 1114112K
  class space    used 6810K, committed 7424K, reserved 1048576K
}

