# JRE version: OpenJDK Runtime Environment Temurin-21.0.9+10 (21.0.9+10) (build 21.0.9+10-LTS)
# Java VM: OpenJDK 64-Bit Server VM Temurin-21.0.9+10 (21.0.9+10-LTS, mixed mode, sharing, tiered, compressed oops, compressed class ptrs, parallel gc, windows-amd64)
GC Precious Log:
 CardTable entry size: 512
 CPUs: 8 total, 8 available
 Memory: 7413M
 Large Page Support: Disabled
 NUMA Support: Disabled
 Compressed Oops: Enabled (32-bit)
 Alignments: Space 512K, Generation 512K, Heap 2M
 Heap Min Capacity: 100M
 Heap Initial Capacity: 100M
 Heap Max Capacity: 2G
 Pre-touch: Disabled
 Parallel Workers: 8
Heap:
 PSYoungGen      total 6656K, used 2060K [0x00000000d5580000, 0x00000000d6200000, 0x0000000100000000)
  eden space 5632K, 22% used [0x00000000d5580000,0x00000000d56bde28,0x00000000d5b00000)
  from space 1024K, 77% used [0x00000000d6100000,0x00000000d61c5200,0x00000000d6200000)
  to   space 1536K, 0% used [0x00000000d5f00000,0x00000000d5f00000,0x00000000d6080000)
 ParOldGen       total 596992K, used 596693K [0x0000000080000000, 0x00000000a4700000, 0x00000000d5580000)
  object space 596992K, 99% used [0x0000000080000000,0x00000000a46b55c0,0x00000000a4700000)
 Metaspace       used 70500K, committed 72064K, reserved 1114112K
  class space    used 7242K, committed 7936K, reserved 1048576K
GC Heap History (20 events):
Event: 1013.994 GC heap before
{Heap before GC invocations=250 (full 3):
 PSYoungGen      total 9216K, used 9196K [0x00000000d5580000, 0x00000000d6300000, 0x0000000100000000)
  eden space 5632K, 100% used [0x00000000d5580000,0x00000000d5b00000,0x00000000d5b00000)
  from space 3584K, 99% used [0x00000000d5f80000,0x00000000d62fb000,0x00000000d6300000)
  to   space 4096K, 0% used [0x00000000d5b00000,0x00000000d5b00000,0x00000000d5f00000)
 ParOldGen       total 540672K, used 540386K [0x0000000080000000, 0x00000000a1000000, 0x00000000d5580000)
  object space 540672K, 99% used [0x0000000080000000,0x00000000a0fb8918,0x00000000a1000000)
 Metaspace       used 70375K, committed 71936K, reserved 1114112K
  class space    used 7240K, committed 7936K, reserved 1048576K
}
Event: 1013.999 GC heap after
{Heap after GC invocations=250 (full 3):
 PSYoungGen      total 8704K, used 2968K [0x00000000d5580000, 0x00000000d6200000, 0x0000000100000000)
  eden space 5632K, 0% used [0x00000000d5580000,0x00000000d5580000,0x00000000d5b00000)
  from space 3072K, 96% used [0x00000000d5b00000,0x00000000d5de6000,0x00000000d5e00000)
  to   space 3584K, 0% used [0x00000000d5e80000,0x00000000d5e80000,0x00000000d6200000)
 ParOldGen       total 543744K, used 543322K [0x0000000080000000, 0x00000000a1300000, 0x00000000d5580000)
  object space 543744K, 99% used [0x0000000080000000,0x00000000a1296918,0x00000000a1300000)
 Metaspace       used 70375K, committed 71936K, reserved 1114112K
  class space    used 7240K, committed 7936K, reserved 1048576K
}
Event: 1014.065 GC heap before
{Heap before GC invocations=251 (full 3):
 PSYoungGen      total 8704K, used 8600K [0x00000000d5580000, 0x00000000d6200000, 0x0000000100000000)
  eden space 5632K, 100% used [0x00000000d5580000,0x00000000d5b00000,0x00000000d5b00000)
  from space 3072K, 96% used [0x00000000d5b00000,0x00000000d5de6000,0x00000000d5e00000)
  to   space 3584K, 0% used [0x00000000d5e80000,0x00000000d5e80000,0x00000000d6200000)
 ParOldGen       total 543744K, used 543322K [0x0000000080000000, 0x00000000a1300000, 0x00000000d5580000)
  object space 543744K, 99% used [0x0000000080000000,0x00000000a1296918,0x00000000a1300000)
 Metaspace       used 70382K, committed 71936K, reserved 1114112K
  class space    used 7240K, committed 7936K, reserved 1048576K
}
Event: 1014.071 GC heap after
{Heap after GC invocations=251 (full 3):
 PSYoungGen      total 9216K, used 3163K [0x00000000d5580000, 0x00000000d6200000, 0x0000000100000000)
  eden space 5632K, 0% used [0x00000000d5580000,0x00000000d5580000,0x00000000d5b00000)
  from space 3584K, 88% used [0x00000000d5e80000,0x00000000d6196e50,0x00000000d6200000)
  to   space 3584K, 0% used [0x00000000d5b00000,0x00000000d5b00000,0x00000000d5e80000)
 ParOldGen       total 546304K, used 546202K [0x0000000080000000, 0x00000000a1580000, 0x00000000d5580000)
  object space 546304K, 99% used [0x0000000080000000,0x00000000a1566918,0x00000000a1580000)
 Metaspace       used 70382K, committed 71936K, reserved 1114112K
  class space    used 7240K, committed 7936K, reserved 1048576K
}
Event: 1014.104 GC heap before
{Heap before GC invocations=252 (full 3):
 PSYoungGen      total 9216K, used 8795K [0x00000000d5580000, 0x00000000d6200000, 0x0000000100000000)
  eden space 5632K, 100% used [0x00000000d5580000,0x00000000d5b00000,0x00000000d5b00000)
  from space 3584K, 88% used [0x00000000d5e80000,0x00000000d6196e50,0x00000000d6200000)
  to   space 3584K, 0% used [0x00000000d5b00000,0x00000000d5b00000,0x00000000d5e80000)
 ParOldGen       total 546304K, used 546202K [0x0000000080000000, 0x00000000a1580000, 0x00000000d5580000)
  object space 546304K, 99% used [0x0000000080000000,0x00000000a1566918,0x00000000a1580000)
 Metaspace       used 70384K, committed 71936K, reserved 1114112K
  class space    used 7240K, committed 7936K, reserved 1048576K
}
Event: 1014.111 GC heap after
{Heap after GC invocations=252 (full 3):
 PSYoungGen      total 9216K, used 3552K [0x00000000d5580000, 0x00000000d6300000, 0x0000000100000000)
  eden space 5632K, 0% used [0x00000000d5580000,0x00000000d5580000,0x00000000d5b00000)
  from space 3584K, 99% used [0x00000000d5b00000,0x00000000d5e78000,0x00000000d5e80000)
  to   space 4096K, 0% used [0x00000000d5f00000,0x00000000d5f00000,0x00000000d6300000)
 ParOldGen       total 549376K, used 549305K [0x0000000080000000, 0x00000000a1880000, 0x00000000d5580000)
  object space 549376K, 99% used [0x0000000080000000,0x00000000a186e788,0x00000000a1880000)
 Metaspace       used 70384K, committed 71936K, reserved 1114112K
  class space    used 7240K, committed 7936K, reserved 1048576K
}
Event: 1014.131 GC heap before
{Heap before GC invocations=253 (full 3):
 PSYoungGen      total 9216K, used 9184K [0x00000000d5580000, 0x00000000d6300000, 0x0000000100000000)
  eden space 5632K, 100% used [0x00000000d5580000,0x00000000d5b00000,0x00000000d5b00000)
  from space 3584K, 99% used [0x00000000d5b00000,0x00000000d5e78000,0x00000000d5e80000)
  to   space 4096K, 0% used [0x00000000d5f00000,0x00000000d5f00000,0x00000000d6300000)
 ParOldGen       total 549376K, used 549305K [0x0000000080000000, 0x00000000a1880000, 0x00000000d5580000)
  object space 549376K, 99% used [0x0000000080000000,0x00000000a186e788,0x00000000a1880000)
 Metaspace       used 70386K, committed 72000K, reserved 1114112K
  class space    used 7240K, committed 7936K, reserved 1048576K
}
Event: 1014.138 GC heap after
{Heap after GC invocations=253 (full 3):
 PSYoungGen      total 9216K, used 3162K [0x00000000d5580000, 0x00000000d6280000, 0x0000000100000000)
  eden space 5632K, 0% used [0x00000000d5580000,0x00000000d5580000,0x00000000d5b00000)
  from space 3584K, 88% used [0x00000000d5f00000,0x00000000d6216910,0x00000000d6280000)
  to   space 3584K, 0% used [0x00000000d5b00000,0x00000000d5b00000,0x00000000d5e80000)
 ParOldGen       total 552960K, used 552713K [0x0000000080000000, 0x00000000a1c00000, 0x00000000d5580000)
  object space 552960K, 99% used [0x0000000080000000,0x00000000a1bc27a8,0x00000000a1c00000)
 Metaspace       used 70386K, committed 72000K, reserved 1114112K
  class space    used 7240K, committed 7936K, reserved 1048576K
}
Event: 1014.199 GC heap before
{Heap before GC invocations=254 (full 3):
 PSYoungGen      total 9216K, used 8793K [0x00000000d5580000, 0x00000000d6280000, 0x0000000100000000)
  eden space 5632K, 99% used [0x00000000d5580000,0x00000000d5affe90,0x00000000d5b00000)
  from space 3584K, 88% used [0x00000000d5f00000,0x00000000d6216910,0x00000000d6280000)
  to   space 3584K, 0% used [0x00000000d5b00000,0x00000000d5b00000,0x00000000d5e80000)
 ParOldGen       total 584704K, used 583433K [0x0000000080000000, 0x00000000a3b00000, 0x00000000d5580000)
  object space 584704K, 99% used [0x0000000080000000,0x00000000a39c27d8,0x00000000a3b00000)
 Metaspace       used 70398K, committed 72000K, reserved 1114112K
  class space    used 7240K, committed 7936K, reserved 1048576K
}
Event: 1014.205 GC heap after
{Heap after GC invocations=254 (full 3):
 PSYoungGen      total 8192K, used 2176K [0x00000000d5580000, 0x00000000d6100000, 0x0000000100000000)
  eden space 5632K, 0% used [0x00000000d5580000,0x00000000d5580000,0x00000000d5b00000)
  from space 2560K, 85% used [0x00000000d5b00000,0x00000000d5d20000,0x00000000d5d80000)
  to   space 3072K, 0% used [0x00000000d5e00000,0x00000000d5e00000,0x00000000d6100000)
 ParOldGen       total 586240K, used 585921K [0x0000000080000000, 0x00000000a3c80000, 0x00000000d5580000)
  object space 586240K, 99% used [0x0000000080000000,0x00000000a3c307d8,0x00000000a3c80000)
 Metaspace       used 70398K, committed 72000K, reserved 1114112K
  class space    used 7240K, committed 7936K, reserved 1048576K
}
Event: 1014.447 GC heap before
{Heap before GC invocations=255 (full 3):
 PSYoungGen      total 8192K, used 7794K [0x00000000d5580000, 0x00000000d6100000, 0x0000000100000000)
  eden space 5632K, 99% used [0x00000000d5580000,0x00000000d5afca38,0x00000000d5b00000)
  from space 2560K, 85% used [0x00000000d5b00000,0x00000000d5d20000,0x00000000d5d80000)
  to   space 3072K, 0% used [0x00000000d5e00000,0x00000000d5e00000,0x00000000d6100000)
 ParOldGen       total 586240K, used 585921K [0x0000000080000000, 0x00000000a3c80000, 0x00000000d5580000)
  object space 586240K, 99% used [0x0000000080000000,0x00000000a3c307d8,0x00000000a3c80000)
 Metaspace       used 70413K, committed 72000K, reserved 1114112K
  class space    used 7242K, committed 7936K, reserved 1048576K
}
Event: 1014.450 GC heap after
{Heap after GC invocations=255 (full 3):
 PSYoungGen      total 8704K, used 2687K [0x00000000d5580000, 0x00000000d6100000, 0x0000000100000000)
  eden space 5632K, 0% used [0x00000000d5580000,0x00000000d5580000,0x00000000d5b00000)
  from space 3072K, 87% used [0x00000000d5e00000,0x00000000d609ff90,0x00000000d6100000)
  to   space 3072K, 0% used [0x00000000d5b00000,0x00000000d5b00000,0x00000000d5e00000)
 ParOldGen       total 587776K, used 587457K [0x0000000080000000, 0x00000000a3e00000, 0x00000000d5580000)
  object space 587776K, 99% used [0x0000000080000000,0x00000000a3db07d8,0x00000000a3e00000)
 Metaspace       used 70413K, committed 72000K, reserved 1114112K
  class space    used 7242K, committed 7936K, reserved 1048576K
}
Event: 1014.507 GC heap before
{Heap before GC invocations=256 (full 3):
 PSYoungGen      total 8704K, used 8319K [0x00000000d5580000, 0x00000000d6100000, 0x0000000100000000)
  eden space 5632K, 100% used [0x00000000d5580000,0x00000000d5b00000,0x00000000d5b00000)
  from space 3072K, 87% used [0x00000000d5e00000,0x00000000d609ff90,0x00000000d6100000)
  to   space 3072K, 0% used [0x00000000d5b00000,0x00000000d5b00000,0x00000000d5e00000)
 ParOldGen       total 587776K, used 587457K [0x0000000080000000, 0x00000000a3e00000, 0x00000000d5580000)
  object space 587776K, 99% used [0x0000000080000000,0x00000000a3db07d8,0x00000000a3e00000)
 Metaspace       used 70416K, committed 72000K, reserved 1114112K
  class space    used 7242K, committed 7936K, reserved 1048576K
}
Event: 1014.511 GC heap after
{Heap after GC invocations=256 (full 3):
 PSYoungGen      total 8704K, used 3058K [0x00000000d5580000, 0x00000000d6a00000, 0x0000000100000000)
  eden space 5632K, 0% used [0x00000000d5580000,0x00000000d5580000,0x00000000d5b00000)
  from space 3072K, 99% used [0x00000000d5b00000,0x00000000d5dfc8c8,0x00000000d5e00000)
  to   space 7680K, 0% used [0x00000000d6280000,0x00000000d6280000,0x00000000d6a00000)
 ParOldGen       total 591360K, used 591128K [0x0000000080000000, 0x00000000a4180000, 0x00000000d5580000)
  object space 591360K, 99% used [0x0000000080000000,0x00000000a4146398,0x00000000a4180000)
 Metaspace       used 70416K, committed 72000K, reserved 1114112K
  class space    used 7242K, committed 7936K, reserved 1048576K
}
Event: 1014.614 GC heap before
{Heap before GC invocations=257 (full 3):
 PSYoungGen      total 8704K, used 8690K [0x00000000d5580000, 0x00000000d6a00000, 0x0000000100000000)
  eden space 5632K, 100% used [0x00000000d5580000,0x00000000d5b00000,0x00000000d5b00000)
  from space 3072K, 99% used [0x00000000d5b00000,0x00000000d5dfc8c8,0x00000000d5e00000)
  to   space 7680K, 0% used [0x00000000d6280000,0x00000000d6280000,0x00000000d6a00000)
 ParOldGen       total 591360K, used 591128K [0x0000000080000000, 0x00000000a4180000, 0x00000000d5580000)
  object space 591360K, 99% used [0x0000000080000000,0x00000000a4146398,0x00000000a4180000)
 Metaspace       used 70430K, committed 72000K, reserved 1114112K
  class space    used 7242K, committed 7936K, reserved 1048576K
}
Event: 1014.618 GC heap after
{Heap after GC invocations=257 (full 3):
 PSYoungGen      total 7680K, used 1888K [0x00000000d5580000, 0x00000000d6480000, 0x0000000100000000)
  eden space 5632K, 0% used [0x00000000d5580000,0x00000000d5580000,0x00000000d5b00000)
  from space 2048K, 92% used [0x00000000d6280000,0x00000000d6458000,0x00000000d6480000)
  to   space 4096K, 0% used [0x00000000d5c80000,0x00000000d5c80000,0x00000000d6080000)
 ParOldGen       total 594432K, used 594157K [0x0000000080000000, 0x00000000a4480000, 0x00000000d5580000)
  object space 594432K, 99% used [0x0000000080000000,0x00000000a443b600,0x00000000a4480000)
 Metaspace       used 70430K, committed 72000K, reserved 1114112K
  class space    used 7242K, committed 7936K, reserved 1048576K
}
Event: 1014.729 GC heap before
{Heap before GC invocations=258 (full 3):
 PSYoungGen      total 7680K, used 7520K [0x00000000d5580000, 0x00000000d6480000, 0x0000000100000000)
  eden space 5632K, 100% used [0x00000000d5580000,0x00000000d5b00000,0x00000000d5b00000)
  from space 2048K, 92% used [0x00000000d6280000,0x00000000d6458000,0x00000000d6480000)
  to   space 4096K, 0% used [0x00000000d5c80000,0x00000000d5c80000,0x00000000d6080000)
 ParOldGen       total 594432K, used 594157K [0x0000000080000000, 0x00000000a4480000, 0x00000000d5580000)
  object space 594432K, 99% used [0x0000000080000000,0x00000000a443b600,0x00000000a4480000)
 Metaspace       used 70476K, committed 72064K, reserved 1114112K
  class space    used 7242K, committed 7936K, reserved 1048576K
}
Event: 1014.732 GC heap after
{Heap after GC invocations=258 (full 3):
 PSYoungGen      total 9728K, used 1396K [0x00000000d5580000, 0x00000000d6300000, 0x0000000100000000)
  eden space 5632K, 0% used [0x00000000d5580000,0x00000000d5580000,0x00000000d5b00000)
  from space 4096K, 34% used [0x00000000d5c80000,0x00000000d5ddd200,0x00000000d6080000)
  to   space 2048K, 0% used [0x00000000d6100000,0x00000000d6100000,0x00000000d6300000)
 ParOldGen       total 595968K, used 595894K [0x0000000080000000, 0x00000000a4600000, 0x00000000d5580000)
  object space 595968K, 99% used [0x0000000080000000,0x00000000a45ed938,0x00000000a4600000)
 Metaspace       used 70476K, committed 72064K, reserved 1114112K
  class space    used 7242K, committed 7936K, reserved 1048576K
}
Event: 1014.753 GC heap before
{Heap before GC invocations=259 (full 3):
 PSYoungGen      total 9728K, used 7028K [0x00000000d5580000, 0x00000000d6300000, 0x0000000100000000)
  eden space 5632K, 100% used [0x00000000d5580000,0x00000000d5b00000,0x00000000d5b00000)
  from space 4096K, 34% used [0x00000000d5c80000,0x00000000d5ddd200,0x00000000d6080000)
  to   space 2048K, 0% used [0x00000000d6100000,0x00000000d6100000,0x00000000d6300000)
 ParOldGen       total 595968K, used 595894K [0x0000000080000000, 0x00000000a4600000, 0x00000000d5580000)
  object space 595968K, 99% used [0x0000000080000000,0x00000000a45ed938,0x00000000a4600000)
 Metaspace       used 70498K, committed 72064K, reserved 1114112K
  class space    used 7242K, committed 7936K, reserved 1048576K
}
Event: 1014.756 GC heap after
{Heap after GC invocations=259 (full 3):
 PSYoungGen      total 6656K, used 788K [0x00000000d5580000, 0x00000000d6200000, 0x0000000100000000)
  eden space 5632K, 0% used [0x00000000d5580000,0x00000000d5580000,0x00000000d5b00000)
  from space 1024K, 77% used [0x00000000d6100000,0x00000000d61c5200,0x00000000d6200000)
  to   space 1536K, 0% used [0x00000000d5f00000,0x00000000d5f00000,0x00000000d6080000)
 ParOldGen       total 596992K, used 596693K [0x0000000080000000, 0x00000000a4700000, 0x00000000d5580000)
  object space 596992K, 99% used [0x0000000080000000,0x00000000a46b55c0,0x00000000a4700000)
 Metaspace       used 70498K, committed 72064K, reserved 1114112K
  class space    used 7242K, committed 7936K, reserved 1048576K
}

